# JRE version: Java(TM) SE Runtime Environment (8.0_101-b13) (build 1.8.0_101-b13)
# Java VM: Java HotSpot(TM) 64-Bit Server VM (25.101-b13 mixed mode windows-amd64 compressed oops)
Heap:
 PSYoungGen      total 181248K, used 82291K [0x00000000eab00000, 0x00000000fae80000, 0x0000000100000000)
  eden space 147968K, 55% used [0x00000000eab00000,0x00000000efb5ce88,0x00000000f3b80000)
  from space 33280K, 0% used [0x00000000f8180000,0x00000000f8180000,0x00000000fa200000)
  to   space 58880K, 0% used [0x00000000f3b80000,0x00000000f3b80000,0x00000000f7500000)
 ParOldGen       total 100352K, used 100136K [0x00000000c0000000, 0x00000000c6200000, 0x00000000eab00000)
  object space 100352K, 99% used [0x00000000c0000000,0x00000000c61ca060,0x00000000c6200000)
 Metaspace       used 6566K, capacity 7256K, committed 7424K, reserved 1056768K
  class space    used 627K, capacity 656K, committed 768K, reserved 1048576K
GC Heap History (10 events):
Event: 16.348 GC heap before
{Heap before GC invocations=9 (full 0):
 PSYoungGen      total 130560K, used 130531K [0x00000000eab00000, 0x00000000f4600000, 0x0000000100000000)
  eden space 116224K, 100% used [0x00000000eab00000,0x00000000f1c80000,0x00000000f1c80000)
  from space 14336K, 99% used [0x00000000f2f00000,0x00000000f3cf8ec8,0x00000000f3d00000)
  to   space 18944K, 0% used [0x00000000f1c80000,0x00000000f1c80000,0x00000000f2f00000)
 ParOldGen       total 40960K, used 19930K [0x00000000c0000000, 0x00000000c2800000, 0x00000000eab00000)
  object space 40960K, 48% used [0x00000000c0000000,0x00000000c13768b0,0x00000000c2800000)
 Metaspace       used 6554K, capacity 7256K, committed 7424K, reserved 1056768K
  class space    used 626K, capacity 656K, committed 768K, reserved 1048576K
Event: 22.392 GC heap after
Heap after GC invocations=9 (full 0):
 PSYoungGen      total 135168K, used 18936K [0x00000000eab00000, 0x00000000fa200000, 0x0000000100000000)
  eden space 116224K, 0% used [0x00000000eab00000,0x00000000eab00000,0x00000000f1c80000)
  from space 18944K, 99% used [0x00000000f1c80000,0x00000000f2efe2a0,0x00000000f2f00000)
  to   space 33280K, 0% used [0x00000000f8180000,0x00000000f8180000,0x00000000fa200000)
 ParOldGen       total 47616K, used 47532K [0x00000000c0000000, 0x00000000c2e80000, 0x00000000eab00000)
  object space 47616K, 99% used [0x00000000c0000000,0x00000000c2e6b1e8,0x00000000c2e80000)
 Metaspace       used 6554K, capacity 7256K, committed 7424K, reserved 1056768K
  class space    used 626K, capacity 656K, committed 768K, reserved 1048576K
}
Event: 22.392 GC heap before
{Heap before GC invocations=10 (full 1):
 PSYoungGen      total 135168K, used 18936K [0x00000000eab00000, 0x00000000fa200000, 0x0000000100000000)
  eden space 116224K, 0% used [0x00000000eab00000,0x00000000eab00000,0x00000000f1c80000)
  from space 18944K, 99% used [0x00000000f1c80000,0x00000000f2efe2a0,0x00000000f2f00000)
  to   space 33280K, 0% used [0x00000000f8180000,0x00000000f8180000,0x00000000fa200000)
 ParOldGen       total 47616K, used 47532K [0x00000000c0000000, 0x00000000c2e80000, 0x00000000eab00000)
  object space 47616K, 99% used [0x00000000c0000000,0x00000000c2e6b1e8,0x00000000c2e80000)
 Metaspace       used 6554K, capacity 7256K, committed 7424K, reserved 1056768K
  class space    used 626K, capacity 656K, committed 768K, reserved 1048576K
Event: 26.439 GC heap after
Heap after GC invocations=10 (full 1):
 PSYoungGen      total 135168K, used 16338K [0x00000000eab00000, 0x00000000fa200000, 0x0000000100000000)
  eden space 116224K, 0% used [0x00000000eab00000,0x00000000eab00000,0x00000000f1c80000)
  from space 18944K, 86% used [0x00000000f1c80000,0x00000000f2c74b30,0x00000000f2f00000)
  to   space 33280K, 0% used [0x00000000f8180000,0x00000000f8180000,0x00000000fa200000)
 ParOldGen       total 87552K, used 47207K [0x00000000c0000000, 0x00000000c5580000, 0x00000000eab00000)
  object space 87552K, 53% used [0x00000000c0000000,0x00000000c2e19d08,0x00000000c5580000)
 Metaspace       used 6554K, capacity 7256K, committed 7424K, reserved 1056768K
  class space    used 626K, capacity 656K, committed 768K, reserved 1048576K
}
Event: 27.795 GC heap before
{Heap before GC invocations=11 (full 1):
 PSYoungGen      total 135168K, used 132562K [0x00000000eab00000, 0x00000000fa200000, 0x0000000100000000)
  eden space 116224K, 100% used [0x00000000eab00000,0x00000000f1c80000,0x00000000f1c80000)
  from space 18944K, 86% used [0x00000000f1c80000,0x00000000f2c74b30,0x00000000f2f00000)
  to   space 33280K, 0% used [0x00000000f8180000,0x00000000f8180000,0x00000000fa200000)
 ParOldGen       total 87552K, used 47207K [0x00000000c0000000, 0x00000000c5580000, 0x00000000eab00000)
  object space 87552K, 53% used [0x00000000c0000000,0x00000000c2e19d08,0x00000000c5580000)
 Metaspace       used 6557K, capacity 7256K, committed 7424K, reserved 1056768K
  class space    used 626K, capacity 656K, committed 768K, reserved 1048576K
Event: 28.097 GC heap after
Heap after GC invocations=11 (full 1):
 PSYoungGen      total 181248K, used 33255K [0x00000000eab00000, 0x00000000fae80000, 0x0000000100000000)
  eden space 147968K, 0% used [0x00000000eab00000,0x00000000eab00000,0x00000000f3b80000)
  from space 33280K, 99% used [0x00000000f8180000,0x00000000fa1f9e60,0x00000000fa200000)
  to   space 58880K, 0% used [0x00000000f3b80000,0x00000000f3b80000,0x00000000f7500000)
 ParOldGen       total 100352K, used 99962K [0x00000000c0000000, 0x00000000c6200000, 0x00000000eab00000)
  object space 100352K, 99% used [0x00000000c0000000,0x00000000c619ea50,0x00000000c6200000)
 Metaspace       used 6557K, capacity 7256K, committed 7424K, reserved 1056768K
  class space    used 626K, capacity 656K, committed 768K, reserved 1048576K
}
Event: 28.097 GC heap before
{Heap before GC invocations=12 (full 2):
 PSYoungGen      total 181248K, used 33255K [0x00000000eab00000, 0x00000000fae80000, 0x0000000100000000)
  eden space 147968K, 0% used [0x00000000eab00000,0x00000000eab00000,0x00000000f3b80000)
  from space 33280K, 99% used [0x00000000f8180000,0x00000000fa1f9e60,0x00000000fa200000)
  to   space 58880K, 0% used [0x00000000f3b80000,0x00000000f3b80000,0x00000000f7500000)
 ParOldGen       total 100352K, used 99962K [0x00000000c0000000, 0x00000000c6200000, 0x00000000eab00000)
  object space 100352K, 99% used [0x00000000c0000000,0x00000000c619ea50,0x00000000c6200000)
 Metaspace       used 6557K, capacity 7256K, committed 7424K, reserved 1056768K
  class space    used 626K, capacity 656K, committed 768K, reserved 1048576K
Event: 28.921 GC heap after
Heap after GC invocations=12 (full 2):
 PSYoungGen      total 181248K, used 25815K [0x00000000eab00000, 0x00000000fae80000, 0x0000000100000000)
  eden space 147968K, 0% used [0x00000000eab00000,0x00000000eab00000,0x00000000f3b80000)
  from space 33280K, 77% used [0x00000000f8180000,0x00000000f9ab5d78,0x00000000fa200000)
  to   space 58880K, 0% used [0x00000000f3b80000,0x00000000f3b80000,0x00000000f7500000)
 ParOldGen       total 100352K, used 99944K [0x00000000c0000000, 0x00000000c6200000, 0x00000000eab00000)
  object space 100352K, 99% used [0x00000000c0000000,0x00000000c619a0a8,0x00000000c6200000)
 Metaspace       used 6557K, capacity 7256K, committed 7424K, reserved 1056768K
  class space    used 626K, capacity 656K, committed 768K, reserved 1048576K
}
Event: 30.355 GC heap before
{Heap before GC invocations=13 (full 3):
 PSYoungGen      total 181248K, used 173783K [0x00000000eab00000, 0x00000000fae80000, 0x0000000100000000)
  eden space 147968K, 100% used [0x00000000eab00000,0x00000000f3b80000,0x00000000f3b80000)
  from space 33280K, 77% used [0x00000000f8180000,0x00000000f9ab5d78,0x00000000fa200000)
  to   space 58880K, 0% used [0x00000000f3b80000,0x00000000f3b80000,0x00000000f7500000)
 ParOldGen       total 100352K, used 99944K [0x00000000c0000000, 0x00000000c6200000, 0x00000000eab00000)
  object space 100352K, 99% used [0x00000000c0000000,0x00000000c619a0a8,0x00000000c6200000)
 Metaspace       used 6566K, capacity 7256K, committed 7424K, reserved 1056768K
  class space    used 627K, capacity 656K, committed 768K, reserved 1048576K
Event: 32.369 GC heap after
Heap after GC invocations=13 (full 3):
 PSYoungGen      total 181248K, used 74545K [0x00000000eab00000, 0x00000000fae80000, 0x0000000100000000)
  eden space 147968K, 50% used [0x00000000eab00000,0x00000000ef3cc5a8,0x00000000f3b80000)
  from space 33280K, 0% used [0x00000000f8180000,0x00000000f8180000,0x00000000fa200000)
  to   space 58880K, 0% used [0x00000000f3b80000,0x00000000f3b80000,0x00000000f7500000)
 ParOldGen       total 100352K, used 100136K [0x00000000c0000000, 0x00000000c6200000, 0x00000000eab00000)
  object space 100352K, 99% used [0x00000000c0000000,0x00000000c61ca060,0x00000000c6200000)
 Metaspace       used 6566K, capacity 7256K, committed 7424K, reserved 1056768K
  class space    used 627K, capacity 656K, committed 768K, reserved 1048576K
}

