# JRE version: Java(TM) SE Runtime Environment (8.0_101-b13) (build 1.8.0_101-b13)
# Java VM: Java HotSpot(TM) 64-Bit Server VM (25.101-b13 mixed mode windows-amd64 compressed oops)
Heap:
 PSYoungGen      total 168448K, used 81142K [0x00000000eab00000, 0x00000000fa280000, 0x0000000100000000)
  eden space 135168K, 40% used [0x00000000eab00000,0x00000000ee110648,0x00000000f2f00000)
  from space 33280K, 77% used [0x00000000f8200000,0x00000000f9b2d398,0x00000000fa280000)
  to   space 55808K, 0% used [0x00000000f3580000,0x00000000f3580000,0x00000000f6c00000)
 ParOldGen       total 93696K, used 93662K [0x00000000c0000000, 0x00000000c5b80000, 0x00000000eab00000)
  object space 93696K, 99% used [0x00000000c0000000,0x00000000c5b77940,0x00000000c5b80000)
 Metaspace       used 6591K, capacity 7256K, committed 7424K, reserved 1056768K
  class space    used 627K, capacity 656K, committed 768K, reserved 1048576K
GC Heap History (10 events):
Event: 10.396 GC heap before
{Heap before GC invocations=8 (full 0):
 PSYoungGen      total 70144K, used 70112K [0x00000000eab00000, 0x00000000f3d00000, 0x0000000100000000)
  eden space 60416K, 100% used [0x00000000eab00000,0x00000000ee600000,0x00000000ee600000)
  from space 9728K, 99% used [0x00000000ee600000,0x00000000eef78010,0x00000000eef80000)
  to   space 14336K, 0% used [0x00000000f2f00000,0x00000000f2f00000,0x00000000f3d00000)
 ParOldGen       total 40960K, used 15984K [0x00000000c0000000, 0x00000000c2800000, 0x00000000eab00000)
  object space 40960K, 39% used [0x00000000c0000000,0x00000000c0f9c010,0x00000000c2800000)
 Metaspace       used 6563K, capacity 7256K, committed 7424K, reserved 1056768K
  class space    used 626K, capacity 656K, committed 768K, reserved 1048576K
Event: 10.488 GC heap after
Heap after GC invocations=8 (full 0):
 PSYoungGen      total 131072K, used 14307K [0x00000000eab00000, 0x00000000f4500000, 0x0000000100000000)
  eden space 116736K, 0% used [0x00000000eab00000,0x00000000eab00000,0x00000000f1d00000)
  from space 14336K, 99% used [0x00000000f2f00000,0x00000000f3cf8ec8,0x00000000f3d00000)
  to   space 18432K, 0% used [0x00000000f1d00000,0x00000000f1d00000,0x00000000f2f00000)
 ParOldGen       total 40960K, used 19460K [0x00000000c0000000, 0x00000000c2800000, 0x00000000eab00000)
  object space 40960K, 47% used [0x00000000c0000000,0x00000000c1301390,0x00000000c2800000)
 Metaspace       used 6563K, capacity 7256K, committed 7424K, reserved 1056768K
  class space    used 626K, capacity 656K, committed 768K, reserved 1048576K
}
Event: 17.047 GC heap before
{Heap before GC invocations=9 (full 0):
 PSYoungGen      total 131072K, used 131043K [0x00000000eab00000, 0x00000000f4500000, 0x0000000100000000)
  eden space 116736K, 100% used [0x00000000eab00000,0x00000000f1d00000,0x00000000f1d00000)
  from space 14336K, 99% used [0x00000000f2f00000,0x00000000f3cf8ec8,0x00000000f3d00000)
  to   space 18432K, 0% used [0x00000000f1d00000,0x00000000f1d00000,0x00000000f2f00000)
 ParOldGen       total 40960K, used 19460K [0x00000000c0000000, 0x00000000c2800000, 0x00000000eab00000)
  object space 40960K, 47% used [0x00000000c0000000,0x00000000c1301390,0x00000000c2800000)
 Metaspace       used 6585K, capacity 7256K, committed 7424K, reserved 1056768K
  class space    used 626K, capacity 656K, committed 768K, reserved 1048576K
Event: 17.576 GC heap after
Heap after GC invocations=9 (full 0):
 PSYoungGen      total 135168K, used 18414K [0x00000000eab00000, 0x00000000fa280000, 0x0000000100000000)
  eden space 116736K, 0% used [0x00000000eab00000,0x00000000eab00000,0x00000000f1d00000)
  from space 18432K, 99% used [0x00000000f1d00000,0x00000000f2efba10,0x00000000f2f00000)
  to   space 33280K, 0% used [0x00000000f8200000,0x00000000f8200000,0x00000000fa280000)
 ParOldGen       total 48128K, used 47808K [0x00000000c0000000, 0x00000000c2f00000, 0x00000000eab00000)
  object space 48128K, 99% used [0x00000000c0000000,0x00000000c2eb0378,0x00000000c2f00000)
 Metaspace       used 6585K, capacity 7256K, committed 7424K, reserved 1056768K
  class space    used 626K, capacity 656K, committed 768K, reserved 1048576K
}
Event: 17.576 GC heap before
{Heap before GC invocations=10 (full 1):
 PSYoungGen      total 135168K, used 18414K [0x00000000eab00000, 0x00000000fa280000, 0x0000000100000000)
  eden space 116736K, 0% used [0x00000000eab00000,0x00000000eab00000,0x00000000f1d00000)
  from space 18432K, 99% used [0x00000000f1d00000,0x00000000f2efba10,0x00000000f2f00000)
  to   space 33280K, 0% used [0x00000000f8200000,0x00000000f8200000,0x00000000fa280000)
 ParOldGen       total 48128K, used 47808K [0x00000000c0000000, 0x00000000c2f00000, 0x00000000eab00000)
  object space 48128K, 99% used [0x00000000c0000000,0x00000000c2eb0378,0x00000000c2f00000)
 Metaspace       used 6585K, capacity 7256K, committed 7424K, reserved 1056768K
  class space    used 626K, capacity 656K, committed 768K, reserved 1048576K
Event: 21.726 GC heap after
Heap after GC invocations=10 (full 1):
 PSYoungGen      total 135168K, used 15804K [0x00000000eab00000, 0x00000000fa280000, 0x0000000100000000)
  eden space 116736K, 0% used [0x00000000eab00000,0x00000000eab00000,0x00000000f1d00000)
  from space 18432K, 85% used [0x00000000f1d00000,0x00000000f2c6f178,0x00000000f2f00000)
  to   space 33280K, 0% used [0x00000000f8200000,0x00000000f8200000,0x00000000fa280000)
 ParOldGen       total 91648K, used 47771K [0x00000000c0000000, 0x00000000c5980000, 0x00000000eab00000)
  object space 91648K, 52% used [0x00000000c0000000,0x00000000c2ea6c88,0x00000000c5980000)
 Metaspace       used 6585K, capacity 7256K, committed 7424K, reserved 1056768K
  class space    used 626K, capacity 656K, committed 768K, reserved 1048576K
}
Event: 23.601 GC heap before
{Heap before GC invocations=11 (full 1):
 PSYoungGen      total 135168K, used 132540K [0x00000000eab00000, 0x00000000fa280000, 0x0000000100000000)
  eden space 116736K, 100% used [0x00000000eab00000,0x00000000f1d00000,0x00000000f1d00000)
  from space 18432K, 85% used [0x00000000f1d00000,0x00000000f2c6f178,0x00000000f2f00000)
  to   space 33280K, 0% used [0x00000000f8200000,0x00000000f8200000,0x00000000fa280000)
 ParOldGen       total 91648K, used 47771K [0x00000000c0000000, 0x00000000c5980000, 0x00000000eab00000)
  object space 91648K, 52% used [0x00000000c0000000,0x00000000c2ea6c88,0x00000000c5980000)
 Metaspace       used 6587K, capacity 7256K, committed 7424K, reserved 1056768K
  class space    used 626K, capacity 656K, committed 768K, reserved 1048576K
Event: 24.254 GC heap after
Heap after GC invocations=11 (full 1):
 PSYoungGen      total 168448K, used 33262K [0x00000000eab00000, 0x00000000fa280000, 0x0000000100000000)
  eden space 135168K, 0% used [0x00000000eab00000,0x00000000eab00000,0x00000000f2f00000)
  from space 33280K, 99% used [0x00000000f8200000,0x00000000fa27b948,0x00000000fa280000)
  to   space 55808K, 0% used [0x00000000f3580000,0x00000000f3580000,0x00000000f6c00000)
 ParOldGen       total 93696K, used 93294K [0x00000000c0000000, 0x00000000c5b80000, 0x00000000eab00000)
  object space 93696K, 99% used [0x00000000c0000000,0x00000000c5b1b830,0x00000000c5b80000)
 Metaspace       used 6587K, capacity 7256K, committed 7424K, reserved 1056768K
  class space    used 626K, capacity 656K, committed 768K, reserved 1048576K
}
Event: 24.254 GC heap before
{Heap before GC invocations=12 (full 2):
 PSYoungGen      total 168448K, used 33262K [0x00000000eab00000, 0x00000000fa280000, 0x0000000100000000)
  eden space 135168K, 0% used [0x00000000eab00000,0x00000000eab00000,0x00000000f2f00000)
  from space 33280K, 99% used [0x00000000f8200000,0x00000000fa27b948,0x00000000fa280000)
  to   space 55808K, 0% used [0x00000000f3580000,0x00000000f3580000,0x00000000f6c00000)
 ParOldGen       total 93696K, used 93294K [0x00000000c0000000, 0x00000000c5b80000, 0x00000000eab00000)
  object space 93696K, 99% used [0x00000000c0000000,0x00000000c5b1b830,0x00000000c5b80000)
 Metaspace       used 6587K, capacity 7256K, committed 7424K, reserved 1056768K
  class space    used 626K, capacity 656K, committed 768K, reserved 1048576K
Event: 28.915 GC heap after
Heap after GC invocations=12 (full 2):
 PSYoungGen      total 168448K, used 25780K [0x00000000eab00000, 0x00000000fa280000, 0x0000000100000000)
  eden space 135168K, 0% used [0x00000000eab00000,0x00000000eab00000,0x00000000f2f00000)
  from space 33280K, 77% used [0x00000000f8200000,0x00000000f9b2d398,0x00000000fa280000)
  to   space 55808K, 0% used [0x00000000f3580000,0x00000000f3580000,0x00000000f6c00000)
 ParOldGen       total 93696K, used 93662K [0x00000000c0000000, 0x00000000c5b80000, 0x00000000eab00000)
  object space 93696K, 99% used [0x00000000c0000000,0x00000000c5b77940,0x00000000c5b80000)
 Metaspace       used 6587K, capacity 7256K, committed 7424K, reserved 1056768K
  class space    used 626K, capacity 656K, committed 768K, reserved 1048576K
}

