# JRE version: Java(TM) SE Runtime Environment (8.0_101-b13) (build 1.8.0_101-b13)
# Java VM: Java HotSpot(TM) 64-Bit Server VM (25.101-b13 mixed mode windows-amd64 compressed oops)
Heap:
 PSYoungGen      total 17920K, used 10863K [0x00000000eab00000, 0x00000000ebf00000, 0x0000000100000000)
  eden space 15360K, 54% used [0x00000000eab00000,0x00000000eb31bcf0,0x00000000eba00000)
  from space 2560K, 100% used [0x00000000eba00000,0x00000000ebc80000,0x00000000ebc80000)
  to   space 2560K, 0% used [0x00000000ebc80000,0x00000000ebc80000,0x00000000ebf00000)
 ParOldGen       total 18432K, used 9690K [0x00000000c0000000, 0x00000000c1200000, 0x00000000eab00000)
  object space 18432K, 52% used [0x00000000c0000000,0x00000000c0976bd8,0x00000000c1200000)
 Metaspace       used 6265K, capacity 7092K, committed 7296K, reserved 1058816K
  class space    used 603K, capacity 620K, committed 640K, reserved 1048576K
GC Heap History (10 events):
Event: 13.858 GC heap before
{Heap before GC invocations=2 (full 1):
 PSYoungGen      total 17920K, used 2544K [0x00000000eab00000, 0x00000000ebf00000, 0x0000000100000000)
  eden space 15360K, 0% used [0x00000000eab00000,0x00000000eab00000,0x00000000eba00000)
  from space 2560K, 99% used [0x00000000eba00000,0x00000000ebc7c3e0,0x00000000ebc80000)
  to   space 2560K, 0% used [0x00000000ebc80000,0x00000000ebc80000,0x00000000ebf00000)
 ParOldGen       total 40960K, used 187K [0x00000000c0000000, 0x00000000c2800000, 0x00000000eab00000)
  object space 40960K, 0% used [0x00000000c0000000,0x00000000c002ee50,0x00000000c2800000)
 Metaspace       used 5278K, capacity 6160K, committed 6272K, reserved 1060864K
  class space    used 574K, capacity 584K, committed 640K, reserved 1048576K
Event: 13.878 GC heap after
Heap after GC invocations=2 (full 1):
 PSYoungGen      total 17920K, used 0K [0x00000000eab00000, 0x00000000ebf00000, 0x0000000100000000)
  eden space 15360K, 0% used [0x00000000eab00000,0x00000000eab00000,0x00000000eba00000)
  from space 2560K, 0% used [0x00000000eba00000,0x00000000eba00000,0x00000000ebc80000)
  to   space 2560K, 0% used [0x00000000ebc80000,0x00000000ebc80000,0x00000000ebf00000)
 ParOldGen       total 18432K, used 2567K [0x00000000c0000000, 0x00000000c1200000, 0x00000000eab00000)
  object space 18432K, 13% used [0x00000000c0000000,0x00000000c0281c38,0x00000000c1200000)
 Metaspace       used 5278K, capacity 6160K, committed 6272K, reserved 1058816K
  class space    used 574K, capacity 584K, committed 640K, reserved 1048576K
}
Event: 15.654 GC heap before
{Heap before GC invocations=3 (full 1):
 PSYoungGen      total 17920K, used 15360K [0x00000000eab00000, 0x00000000ebf00000, 0x0000000100000000)
  eden space 15360K, 100% used [0x00000000eab00000,0x00000000eba00000,0x00000000eba00000)
  from space 2560K, 0% used [0x00000000eba00000,0x00000000eba00000,0x00000000ebc80000)
  to   space 2560K, 0% used [0x00000000ebc80000,0x00000000ebc80000,0x00000000ebf00000)
 ParOldGen       total 18432K, used 2567K [0x00000000c0000000, 0x00000000c1200000, 0x00000000eab00000)
  object space 18432K, 13% used [0x00000000c0000000,0x00000000c0281c38,0x00000000c1200000)
 Metaspace       used 5974K, capacity 6834K, committed 7040K, reserved 1058816K
  class space    used 596K, capacity 618K, committed 640K, reserved 1048576K
Event: 15.708 GC heap after
Heap after GC invocations=3 (full 1):
 PSYoungGen      total 17920K, used 2560K [0x00000000eab00000, 0x00000000ebf00000, 0x0000000100000000)
  eden space 15360K, 0% used [0x00000000eab00000,0x00000000eab00000,0x00000000eba00000)
  from space 2560K, 100% used [0x00000000ebc80000,0x00000000ebf00000,0x00000000ebf00000)
  to   space 2560K, 0% used [0x00000000eba00000,0x00000000eba00000,0x00000000ebc80000)
 ParOldGen       total 18432K, used 2831K [0x00000000c0000000, 0x00000000c1200000, 0x00000000eab00000)
  object space 18432K, 15% used [0x00000000c0000000,0x00000000c02c3c50,0x00000000c1200000)
 Metaspace       used 5974K, capacity 6834K, committed 7040K, reserved 1058816K
  class space    used 596K, capacity 618K, committed 640K, reserved 1048576K
}
Event: 16.179 GC heap before
{Heap before GC invocations=4 (full 1):
 PSYoungGen      total 17920K, used 17920K [0x00000000eab00000, 0x00000000ebf00000, 0x0000000100000000)
  eden space 15360K, 100% used [0x00000000eab00000,0x00000000eba00000,0x00000000eba00000)
  from space 2560K, 100% used [0x00000000ebc80000,0x00000000ebf00000,0x00000000ebf00000)
  to   space 2560K, 0% used [0x00000000eba00000,0x00000000eba00000,0x00000000ebc80000)
 ParOldGen       total 18432K, used 2831K [0x00000000c0000000, 0x00000000c1200000, 0x00000000eab00000)
  object space 18432K, 15% used [0x00000000c0000000,0x00000000c02c3c50,0x00000000c1200000)
 Metaspace       used 6108K, capacity 6962K, committed 7040K, reserved 1058816K
  class space    used 598K, capacity 618K, committed 640K, reserved 1048576K
Event: 16.199 GC heap after
Heap after GC invocations=4 (full 1):
 PSYoungGen      total 17920K, used 2560K [0x00000000eab00000, 0x00000000ebf00000, 0x0000000100000000)
  eden space 15360K, 0% used [0x00000000eab00000,0x00000000eab00000,0x00000000eba00000)
  from space 2560K, 100% used [0x00000000eba00000,0x00000000ebc80000,0x00000000ebc80000)
  to   space 2560K, 0% used [0x00000000ebc80000,0x00000000ebc80000,0x00000000ebf00000)
 ParOldGen       total 18432K, used 4787K [0x00000000c0000000, 0x00000000c1200000, 0x00000000eab00000)
  object space 18432K, 25% used [0x00000000c0000000,0x00000000c04acc70,0x00000000c1200000)
 Metaspace       used 6108K, capacity 6962K, committed 7040K, reserved 1058816K
  class space    used 598K, capacity 618K, committed 640K, reserved 1048576K
}
Event: 16.669 GC heap before
{Heap before GC invocations=5 (full 1):
 PSYoungGen      total 17920K, used 17920K [0x00000000eab00000, 0x00000000ebf00000, 0x0000000100000000)
  eden space 15360K, 100% used [0x00000000eab00000,0x00000000eba00000,0x00000000eba00000)
  from space 2560K, 100% used [0x00000000eba00000,0x00000000ebc80000,0x00000000ebc80000)
  to   space 2560K, 0% used [0x00000000ebc80000,0x00000000ebc80000,0x00000000ebf00000)
 ParOldGen       total 18432K, used 4787K [0x00000000c0000000, 0x00000000c1200000, 0x00000000eab00000)
  object space 18432K, 25% used [0x00000000c0000000,0x00000000c04acc70,0x00000000c1200000)
 Metaspace       used 6197K, capacity 7028K, committed 7296K, reserved 1058816K
  class space    used 600K, capacity 620K, committed 640K, reserved 1048576K
Event: 16.698 GC heap after
Heap after GC invocations=5 (full 1):
 PSYoungGen      total 17920K, used 2560K [0x00000000eab00000, 0x00000000ebf00000, 0x0000000100000000)
  eden space 15360K, 0% used [0x00000000eab00000,0x00000000eab00000,0x00000000eba00000)
  from space 2560K, 100% used [0x00000000ebc80000,0x00000000ebf00000,0x00000000ebf00000)
  to   space 2560K, 0% used [0x00000000eba00000,0x00000000eba00000,0x00000000ebc80000)
 ParOldGen       total 18432K, used 7251K [0x00000000c0000000, 0x00000000c1200000, 0x00000000eab00000)
  object space 18432K, 39% used [0x00000000c0000000,0x00000000c0714d30,0x00000000c1200000)
 Metaspace       used 6197K, capacity 7028K, committed 7296K, reserved 1058816K
  class space    used 600K, capacity 620K, committed 640K, reserved 1048576K
}
Event: 17.212 GC heap before
{Heap before GC invocations=6 (full 1):
 PSYoungGen      total 17920K, used 17920K [0x00000000eab00000, 0x00000000ebf00000, 0x0000000100000000)
  eden space 15360K, 100% used [0x00000000eab00000,0x00000000eba00000,0x00000000eba00000)
  from space 2560K, 100% used [0x00000000ebc80000,0x00000000ebf00000,0x00000000ebf00000)
  to   space 2560K, 0% used [0x00000000eba00000,0x00000000eba00000,0x00000000ebc80000)
 ParOldGen       total 18432K, used 7251K [0x00000000c0000000, 0x00000000c1200000, 0x00000000eab00000)
  object space 18432K, 39% used [0x00000000c0000000,0x00000000c0714d30,0x00000000c1200000)
 Metaspace       used 6262K, capacity 7092K, committed 7296K, reserved 1058816K
  class space    used 603K, capacity 620K, committed 640K, reserved 1048576K
Event: 17.253 GC heap after
Heap after GC invocations=6 (full 1):
 PSYoungGen      total 17920K, used 2560K [0x00000000eab00000, 0x00000000ebf00000, 0x0000000100000000)
  eden space 15360K, 0% used [0x00000000eab00000,0x00000000eab00000,0x00000000eba00000)
  from space 2560K, 100% used [0x00000000eba00000,0x00000000ebc80000,0x00000000ebc80000)
  to   space 2560K, 0% used [0x00000000ebc80000,0x00000000ebc80000,0x00000000ebf00000)
 ParOldGen       total 18432K, used 9690K [0x00000000c0000000, 0x00000000c1200000, 0x00000000eab00000)
  object space 18432K, 52% used [0x00000000c0000000,0x00000000c0976bd8,0x00000000c1200000)
 Metaspace       used 6262K, capacity 7092K, committed 7296K, reserved 1058816K
  class space    used 603K, capacity 620K, committed 640K, reserved 1048576K
}

