# JRE version: Java(TM) SE Runtime Environment (8.0_101-b13) (build 1.8.0_101-b13)
# Java VM: Java HotSpot(TM) 64-Bit Server VM (25.101-b13 mixed mode windows-amd64 compressed oops)
Heap:
 PSYoungGen      total 226816K, used 226677K [0x00000000eab00000, 0x0000000100000000, 0x0000000100000000)
  eden space 140800K, 100% used [0x00000000eab00000,0x00000000f3480000,0x00000000f3480000)
  from space 86016K, 99% used [0x00000000f4700000,0x00000000f9add4e0,0x00000000f9b00000)
  to   space 103424K, 49% used [0x00000000f9b00000,0x00000000fcd36218,0x0000000100000000)
 ParOldGen       total 308736K, used 162218K [0x00000000c0000000, 0x00000000d2d80000, 0x00000000eab00000)
  object space 308736K, 52% used [0x00000000c0000000,0x00000000c9e6a9c0,0x00000000d2d80000)
 Metaspace       used 6546K, capacity 7192K, committed 7424K, reserved 1056768K
  class space    used 623K, capacity 656K, committed 768K, reserved 1048576K
GC Heap History (10 events):
Event: 25.753 GC heap after
Heap after GC invocations=10 (full 3):
 PSYoungGen      total 136192K, used 97368K [0x00000000eab00000, 0x0000000100000000, 0x0000000100000000)
  eden space 120832K, 80% used [0x00000000eab00000,0x00000000f0a16338,0x00000000f2100000)
  from space 15360K, 0% used [0x00000000f2100000,0x00000000f2100000,0x00000000f3000000)
  to   space 55296K, 0% used [0x00000000fca00000,0x00000000fca00000,0x0000000100000000)
 ParOldGen       total 92672K, used 92460K [0x00000000c0000000, 0x00000000c5a80000, 0x00000000eab00000)
  object space 92672K, 99% used [0x00000000c0000000,0x00000000c5a4b378,0x00000000c5a80000)
 Metaspace       used 6528K, capacity 7192K, committed 7424K, reserved 1056768K
  class space    used 622K, capacity 656K, committed 768K, reserved 1048576K
}
Event: 26.716 GC heap before
{Heap before GC invocations=11 (full 4):
 PSYoungGen      total 136192K, used 120832K [0x00000000eab00000, 0x0000000100000000, 0x0000000100000000)
  eden space 120832K, 100% used [0x00000000eab00000,0x00000000f2100000,0x00000000f2100000)
  from space 15360K, 0% used [0x00000000f2100000,0x00000000f2100000,0x00000000f3000000)
  to   space 55296K, 0% used [0x00000000fca00000,0x00000000fca00000,0x0000000100000000)
 ParOldGen       total 92672K, used 92460K [0x00000000c0000000, 0x00000000c5a80000, 0x00000000eab00000)
  object space 92672K, 99% used [0x00000000c0000000,0x00000000c5a4b378,0x00000000c5a80000)
 Metaspace       used 6536K, capacity 7192K, committed 7424K, reserved 1056768K
  class space    used 623K, capacity 656K, committed 768K, reserved 1048576K
Event: 28.249 GC heap after
Heap after GC invocations=11 (full 4):
 PSYoungGen      total 136192K, used 97757K [0x00000000eab00000, 0x0000000100000000, 0x0000000100000000)
  eden space 120832K, 80% used [0x00000000eab00000,0x00000000f0a777c0,0x00000000f2100000)
  from space 15360K, 0% used [0x00000000f2100000,0x00000000f2100000,0x00000000f3000000)
  to   space 55296K, 0% used [0x00000000fca00000,0x00000000fca00000,0x0000000100000000)
 ParOldGen       total 92672K, used 92405K [0x00000000c0000000, 0x00000000c5a80000, 0x00000000eab00000)
  object space 92672K, 99% used [0x00000000c0000000,0x00000000c5a3d788,0x00000000c5a80000)
 Metaspace       used 6536K, capacity 7192K, committed 7424K, reserved 1056768K
  class space    used 623K, capacity 656K, committed 768K, reserved 1048576K
}
Event: 28.459 GC heap before
{Heap before GC invocations=12 (full 5):
 PSYoungGen      total 136192K, used 120832K [0x00000000eab00000, 0x0000000100000000, 0x0000000100000000)
  eden space 120832K, 100% used [0x00000000eab00000,0x00000000f2100000,0x00000000f2100000)
  from space 15360K, 0% used [0x00000000f2100000,0x00000000f2100000,0x00000000f3000000)
  to   space 55296K, 0% used [0x00000000fca00000,0x00000000fca00000,0x0000000100000000)
 ParOldGen       total 92672K, used 92405K [0x00000000c0000000, 0x00000000c5a80000, 0x00000000eab00000)
  object space 92672K, 99% used [0x00000000c0000000,0x00000000c5a3d788,0x00000000c5a80000)
 Metaspace       used 6536K, capacity 7192K, committed 7424K, reserved 1056768K
  class space    used 623K, capacity 656K, committed 768K, reserved 1048576K
Event: 28.963 GC heap after
Heap after GC invocations=12 (full 5):
 PSYoungGen      total 136192K, used 99662K [0x00000000eab00000, 0x0000000100000000, 0x0000000100000000)
  eden space 120832K, 82% used [0x00000000eab00000,0x00000000f0c53a18,0x00000000f2100000)
  from space 15360K, 0% used [0x00000000f2100000,0x00000000f2100000,0x00000000f3000000)
  to   space 55296K, 0% used [0x00000000fca00000,0x00000000fca00000,0x0000000100000000)
 ParOldGen       total 308736K, used 92299K [0x00000000c0000000, 0x00000000d2d80000, 0x00000000eab00000)
  object space 308736K, 29% used [0x00000000c0000000,0x00000000c5a22d60,0x00000000d2d80000)
 Metaspace       used 6536K, capacity 7192K, committed 7424K, reserved 1056768K
  class space    used 623K, capacity 656K, committed 768K, reserved 1048576K
}
Event: 29.007 GC heap before
{Heap before GC invocations=13 (full 5):
 PSYoungGen      total 136192K, used 120832K [0x00000000eab00000, 0x0000000100000000, 0x0000000100000000)
  eden space 120832K, 100% used [0x00000000eab00000,0x00000000f2100000,0x00000000f2100000)
  from space 15360K, 0% used [0x00000000f2100000,0x00000000f2100000,0x00000000f3000000)
  to   space 55296K, 0% used [0x00000000fca00000,0x00000000fca00000,0x0000000100000000)
 ParOldGen       total 308736K, used 92299K [0x00000000c0000000, 0x00000000d2d80000, 0x00000000eab00000)
  object space 308736K, 29% used [0x00000000c0000000,0x00000000c5a22d60,0x00000000d2d80000)
 Metaspace       used 6536K, capacity 7192K, committed 7424K, reserved 1056768K
  class space    used 623K, capacity 656K, committed 768K, reserved 1048576K
Event: 29.314 GC heap after
Heap after GC invocations=13 (full 5):
 PSYoungGen      total 185856K, used 55287K [0x00000000eab00000, 0x0000000100000000, 0x0000000100000000)
  eden space 130560K, 0% used [0x00000000eab00000,0x00000000eab00000,0x00000000f2a80000)
  from space 55296K, 99% used [0x00000000fca00000,0x00000000ffffdfc0,0x0000000100000000)
  to   space 94720K, 0% used [0x00000000f4700000,0x00000000f4700000,0x00000000fa380000)
 ParOldGen       total 308736K, used 155463K [0x00000000c0000000, 0x00000000d2d80000, 0x00000000eab00000)
  object space 308736K, 50% used [0x00000000c0000000,0x00000000c97d1e08,0x00000000d2d80000)
 Metaspace       used 6536K, capacity 7192K, committed 7424K, reserved 1056768K
  class space    used 623K, capacity 656K, committed 768K, reserved 1048576K
}
Event: 30.307 GC heap before
{Heap before GC invocations=14 (full 5):
 PSYoungGen      total 185856K, used 185847K [0x00000000eab00000, 0x0000000100000000, 0x0000000100000000)
  eden space 130560K, 100% used [0x00000000eab00000,0x00000000f2a80000,0x00000000f2a80000)
  from space 55296K, 99% used [0x00000000fca00000,0x00000000ffffdfc0,0x0000000100000000)
  to   space 94720K, 0% used [0x00000000f4700000,0x00000000f4700000,0x00000000fa380000)
 ParOldGen       total 308736K, used 155463K [0x00000000c0000000, 0x00000000d2d80000, 0x00000000eab00000)
  object space 308736K, 50% used [0x00000000c0000000,0x00000000c97d1e08,0x00000000d2d80000)
 Metaspace       used 6537K, capacity 7192K, committed 7424K, reserved 1056768K
  class space    used 623K, capacity 656K, committed 768K, reserved 1048576K
Event: 30.543 GC heap after
Heap after GC invocations=14 (full 5):
 PSYoungGen      total 226816K, used 85877K [0x00000000eab00000, 0x0000000100000000, 0x0000000100000000)
  eden space 140800K, 0% used [0x00000000eab00000,0x00000000eab00000,0x00000000f3480000)
  from space 86016K, 99% used [0x00000000f4700000,0x00000000f9add4e0,0x00000000f9b00000)
  to   space 103424K, 0% used [0x00000000f9b00000,0x00000000f9b00000,0x0000000100000000)
 ParOldGen       total 308736K, used 160948K [0x00000000c0000000, 0x00000000d2d80000, 0x00000000eab00000)
  object space 308736K, 52% used [0x00000000c0000000,0x00000000c9d2d3b8,0x00000000d2d80000)
 Metaspace       used 6537K, capacity 7192K, committed 7424K, reserved 1056768K
  class space    used 623K, capacity 656K, committed 768K, reserved 1048576K
}
Event: 32.012 GC heap before
{Heap before GC invocations=15 (full 5):
 PSYoungGen      total 226816K, used 226677K [0x00000000eab00000, 0x0000000100000000, 0x0000000100000000)
  eden space 140800K, 100% used [0x00000000eab00000,0x00000000f3480000,0x00000000f3480000)
  from space 86016K, 99% used [0x00000000f4700000,0x00000000f9add4e0,0x00000000f9b00000)
  to   space 103424K, 0% used [0x00000000f9b00000,0x00000000f9b00000,0x0000000100000000)
 ParOldGen       total 308736K, used 162218K [0x00000000c0000000, 0x00000000d2d80000, 0x00000000eab00000)
  object space 308736K, 52% used [0x00000000c0000000,0x00000000c9e6a9c0,0x00000000d2d80000)
 Metaspace       used 6546K, capacity 7192K, committed 7424K, reserved 1056768K
  class space    used 623K, capacity 656K, committed 768K, reserved 1048576K

