# JRE version: Java(TM) SE Runtime Environment (8.0_101-b13) (build 1.8.0_101-b13)
# Java VM: Java HotSpot(TM) 64-Bit Server VM (25.101-b13 mixed mode windows-amd64 compressed oops)
Heap:
 PSYoungGen      total 226304K, used 177866K [0x00000000eab00000, 0x0000000100000000, 0x0000000100000000)
  eden space 172032K, 89% used [0x00000000eab00000,0x00000000f41860d8,0x00000000f5300000)
  from space 54272K, 43% used [0x00000000f5300000,0x00000000f6a2ca50,0x00000000f8800000)
  to   space 91648K, 0% used [0x00000000fa680000,0x00000000fa680000,0x0000000100000000)
 ParOldGen       total 328192K, used 206176K [0x00000000c0000000, 0x00000000d4080000, 0x00000000eab00000)
  object space 328192K, 62% used [0x00000000c0000000,0x00000000cc958230,0x00000000d4080000)
 Metaspace       used 6602K, capacity 7256K, committed 7424K, reserved 1056768K
  class space    used 628K, capacity 656K, committed 768K, reserved 1048576K
GC Heap History (10 events):
Event: 23.204 GC heap before
{Heap before GC invocations=10 (full 1):
 PSYoungGen      total 182784K, used 182775K [0x00000000eab00000, 0x00000000fe500000, 0x0000000100000000)
  eden space 143360K, 100% used [0x00000000eab00000,0x00000000f3700000,0x00000000f3700000)
  from space 39424K, 99% used [0x00000000fbe80000,0x00000000fe4fdd00,0x00000000fe500000)
  to   space 48640K, 0% used [0x00000000f8600000,0x00000000f8600000,0x00000000fb580000)
 ParOldGen       total 117248K, used 63819K [0x00000000c0000000, 0x00000000c7280000, 0x00000000eab00000)
  object space 117248K, 54% used [0x00000000c0000000,0x00000000c3e52ce0,0x00000000c7280000)
 Metaspace       used 6598K, capacity 7256K, committed 7424K, reserved 1056768K
  class space    used 627K, capacity 656K, committed 768K, reserved 1048576K
Event: 23.501 GC heap after
Heap after GC invocations=10 (full 1):
 PSYoungGen      total 208896K, used 48622K [0x00000000eab00000, 0x00000000fdd80000, 0x0000000100000000)
  eden space 160256K, 0% used [0x00000000eab00000,0x00000000eab00000,0x00000000f4780000)
  from space 48640K, 99% used [0x00000000f8600000,0x00000000fb57bab0,0x00000000fb580000)
  to   space 40960K, 0% used [0x00000000fb580000,0x00000000fb580000,0x00000000fdd80000)
 ParOldGen       total 117248K, used 110460K [0x00000000c0000000, 0x00000000c7280000, 0x00000000eab00000)
  object space 117248K, 94% used [0x00000000c0000000,0x00000000c6bdf3f0,0x00000000c7280000)
 Metaspace       used 6598K, capacity 7256K, committed 7424K, reserved 1056768K
  class space    used 627K, capacity 656K, committed 768K, reserved 1048576K
}
Event: 23.501 GC heap before
{Heap before GC invocations=11 (full 2):
 PSYoungGen      total 208896K, used 48622K [0x00000000eab00000, 0x00000000fdd80000, 0x0000000100000000)
  eden space 160256K, 0% used [0x00000000eab00000,0x00000000eab00000,0x00000000f4780000)
  from space 48640K, 99% used [0x00000000f8600000,0x00000000fb57bab0,0x00000000fb580000)
  to   space 40960K, 0% used [0x00000000fb580000,0x00000000fb580000,0x00000000fdd80000)
 ParOldGen       total 117248K, used 110460K [0x00000000c0000000, 0x00000000c7280000, 0x00000000eab00000)
  object space 117248K, 94% used [0x00000000c0000000,0x00000000c6bdf3f0,0x00000000c7280000)
 Metaspace       used 6598K, capacity 7256K, committed 7424K, reserved 1056768K
  class space    used 627K, capacity 656K, committed 768K, reserved 1048576K
Event: 24.592 GC heap after
Heap after GC invocations=11 (full 2):
 PSYoungGen      total 208896K, used 490K [0x00000000eab00000, 0x00000000fdd80000, 0x0000000100000000)
  eden space 160256K, 0% used [0x00000000eab00000,0x00000000eab00000,0x00000000f4780000)
  from space 48640K, 1% used [0x00000000f8600000,0x00000000f867a8d0,0x00000000fb580000)
  to   space 40960K, 0% used [0x00000000fb580000,0x00000000fb580000,0x00000000fdd80000)
 ParOldGen       total 206336K, used 116918K [0x00000000c0000000, 0x00000000cc980000, 0x00000000eab00000)
  object space 206336K, 56% used [0x00000000c0000000,0x00000000c722dae0,0x00000000cc980000)
 Metaspace       used 6598K, capacity 7256K, committed 7424K, reserved 1056768K
  class space    used 627K, capacity 656K, committed 768K, reserved 1048576K
}
Event: 25.114 GC heap before
{Heap before GC invocations=12 (full 2):
 PSYoungGen      total 208896K, used 160746K [0x00000000eab00000, 0x00000000fdd80000, 0x0000000100000000)
  eden space 160256K, 100% used [0x00000000eab00000,0x00000000f4780000,0x00000000f4780000)
  from space 48640K, 1% used [0x00000000f8600000,0x00000000f867a8d0,0x00000000fb580000)
  to   space 40960K, 0% used [0x00000000fb580000,0x00000000fb580000,0x00000000fdd80000)
 ParOldGen       total 206336K, used 116918K [0x00000000c0000000, 0x00000000cc980000, 0x00000000eab00000)
  object space 206336K, 56% used [0x00000000c0000000,0x00000000c722dae0,0x00000000cc980000)
 Metaspace       used 6599K, capacity 7256K, committed 7424K, reserved 1056768K
  class space    used 627K, capacity 656K, committed 768K, reserved 1048576K
Event: 25.341 GC heap after
Heap after GC invocations=12 (full 2):
 PSYoungGen      total 212992K, used 40937K [0x00000000eab00000, 0x0000000100000000, 0x0000000100000000)
  eden space 172032K, 0% used [0x00000000eab00000,0x00000000eab00000,0x00000000f5300000)
  from space 40960K, 99% used [0x00000000fb580000,0x00000000fdd7a5b0,0x00000000fdd80000)
  to   space 88576K, 0% used [0x00000000f5300000,0x00000000f5300000,0x00000000fa980000)
 ParOldGen       total 206336K, used 146849K [0x00000000c0000000, 0x00000000cc980000, 0x00000000eab00000)
  object space 206336K, 71% used [0x00000000c0000000,0x00000000c8f687d0,0x00000000cc980000)
 Metaspace       used 6599K, capacity 7256K, committed 7424K, reserved 1056768K
  class space    used 627K, capacity 656K, committed 768K, reserved 1048576K
}
Event: 26.930 GC heap before
{Heap before GC invocations=13 (full 2):
 PSYoungGen      total 212992K, used 212969K [0x00000000eab00000, 0x0000000100000000, 0x0000000100000000)
  eden space 172032K, 100% used [0x00000000eab00000,0x00000000f5300000,0x00000000f5300000)
  from space 40960K, 99% used [0x00000000fb580000,0x00000000fdd7a5b0,0x00000000fdd80000)
  to   space 88576K, 0% used [0x00000000f5300000,0x00000000f5300000,0x00000000fa980000)
 ParOldGen       total 206336K, used 146849K [0x00000000c0000000, 0x00000000cc980000, 0x00000000eab00000)
  object space 206336K, 71% used [0x00000000c0000000,0x00000000c8f687d0,0x00000000cc980000)
 Metaspace       used 6599K, capacity 7256K, committed 7424K, reserved 1056768K
  class space    used 627K, capacity 656K, committed 768K, reserved 1048576K
Event: 27.136 GC heap after
Heap after GC invocations=13 (full 2):
 PSYoungGen      total 226304K, used 54237K [0x00000000eab00000, 0x0000000100000000, 0x0000000100000000)
  eden space 172032K, 0% used [0x00000000eab00000,0x00000000eab00000,0x00000000f5300000)
  from space 54272K, 99% used [0x00000000f5300000,0x00000000f87f77e0,0x00000000f8800000)
  to   space 91648K, 0% used [0x00000000fa680000,0x00000000fa680000,0x0000000100000000)
 ParOldGen       total 206336K, used 185247K [0x00000000c0000000, 0x00000000cc980000, 0x00000000eab00000)
  object space 206336K, 89% used [0x00000000c0000000,0x00000000cb4e7fe0,0x00000000cc980000)
 Metaspace       used 6599K, capacity 7256K, committed 7424K, reserved 1056768K
  class space    used 627K, capacity 656K, committed 768K, reserved 1048576K
}
Event: 27.136 GC heap before
{Heap before GC invocations=14 (full 3):
 PSYoungGen      total 226304K, used 54237K [0x00000000eab00000, 0x0000000100000000, 0x0000000100000000)
  eden space 172032K, 0% used [0x00000000eab00000,0x00000000eab00000,0x00000000f5300000)
  from space 54272K, 99% used [0x00000000f5300000,0x00000000f87f77e0,0x00000000f8800000)
  to   space 91648K, 0% used [0x00000000fa680000,0x00000000fa680000,0x0000000100000000)
 ParOldGen       total 206336K, used 185247K [0x00000000c0000000, 0x00000000cc980000, 0x00000000eab00000)
  object space 206336K, 89% used [0x00000000c0000000,0x00000000cb4e7fe0,0x00000000cc980000)
 Metaspace       used 6599K, capacity 7256K, committed 7424K, reserved 1056768K
  class space    used 627K, capacity 656K, committed 768K, reserved 1048576K
Event: 30.674 GC heap after
Heap after GC invocations=14 (full 3):
 PSYoungGen      total 226304K, used 23730K [0x00000000eab00000, 0x0000000100000000, 0x0000000100000000)
  eden space 172032K, 0% used [0x00000000eab00000,0x00000000eab00000,0x00000000f5300000)
  from space 54272K, 43% used [0x00000000f5300000,0x00000000f6a2ca50,0x00000000f8800000)
  to   space 91648K, 0% used [0x00000000fa680000,0x00000000fa680000,0x0000000100000000)
 ParOldGen       total 328192K, used 206176K [0x00000000c0000000, 0x00000000d4080000, 0x00000000eab00000)
  object space 328192K, 62% used [0x00000000c0000000,0x00000000cc958230,0x00000000d4080000)
 Metaspace       used 6599K, capacity 7256K, committed 7424K, reserved 1056768K
  class space    used 627K, capacity 656K, committed 768K, reserved 1048576K
}

