# JRE version: Java(TM) SE Runtime Environment (8.0_101-b13) (build 1.8.0_101-b13)
# Java VM: Java HotSpot(TM) 64-Bit Server VM (25.101-b13 mixed mode windows-amd64 compressed oops)
Heap:
 PSYoungGen      total 193536K, used 106954K [0x00000000eab00000, 0x00000000ff100000, 0x0000000100000000)
  eden space 147968K, 72% used [0x00000000eab00000,0x00000000f1372848,0x00000000f3b80000)
  from space 45568K, 0% used [0x00000000fc480000,0x00000000fc480000,0x00000000ff100000)
  to   space 72704K, 0% used [0x00000000f6300000,0x00000000f6300000,0x00000000faa00000)
 ParOldGen       total 134656K, used 113001K [0x00000000c0000000, 0x00000000c8380000, 0x00000000eab00000)
  object space 134656K, 83% used [0x00000000c0000000,0x00000000c6e5a480,0x00000000c8380000)
 Metaspace       used 6588K, capacity 7256K, committed 7424K, reserved 1056768K
  class space    used 627K, capacity 656K, committed 768K, reserved 1048576K
GC Heap History (10 events):
Event: 23.466 GC heap before
{Heap before GC invocations=11 (full 3):
 PSYoungGen      total 193536K, used 165284K [0x00000000eab00000, 0x00000000ff100000, 0x0000000100000000)
  eden space 147968K, 100% used [0x00000000eab00000,0x00000000f3b80000,0x00000000f3b80000)
  from space 45568K, 38% used [0x00000000fc480000,0x00000000fd569158,0x00000000ff100000)
  to   space 72704K, 0% used [0x00000000f6300000,0x00000000f6300000,0x00000000faa00000)
 ParOldGen       total 134656K, used 134160K [0x00000000c0000000, 0x00000000c8380000, 0x00000000eab00000)
  object space 134656K, 99% used [0x00000000c0000000,0x00000000c83041d8,0x00000000c8380000)
 Metaspace       used 6579K, capacity 7256K, committed 7424K, reserved 1056768K
  class space    used 627K, capacity 656K, committed 768K, reserved 1048576K
Event: 24.323 GC heap after
Heap after GC invocations=11 (full 3):
 PSYoungGen      total 193536K, used 66250K [0x00000000eab00000, 0x00000000ff100000, 0x0000000100000000)
  eden space 147968K, 44% used [0x00000000eab00000,0x00000000eebb2830,0x00000000f3b80000)
  from space 45568K, 0% used [0x00000000fc480000,0x00000000fc480000,0x00000000ff100000)
  to   space 72704K, 0% used [0x00000000f6300000,0x00000000f6300000,0x00000000faa00000)
 ParOldGen       total 134656K, used 134503K [0x00000000c0000000, 0x00000000c8380000, 0x00000000eab00000)
  object space 134656K, 99% used [0x00000000c0000000,0x00000000c8359f50,0x00000000c8380000)
 Metaspace       used 6579K, capacity 7256K, committed 7424K, reserved 1056768K
  class space    used 627K, capacity 656K, committed 768K, reserved 1048576K
}
Event: 24.720 GC heap before
{Heap before GC invocations=12 (full 4):
 PSYoungGen      total 193536K, used 147968K [0x00000000eab00000, 0x00000000ff100000, 0x0000000100000000)
  eden space 147968K, 100% used [0x00000000eab00000,0x00000000f3b80000,0x00000000f3b80000)
  from space 45568K, 0% used [0x00000000fc480000,0x00000000fc480000,0x00000000ff100000)
  to   space 72704K, 0% used [0x00000000f6300000,0x00000000f6300000,0x00000000faa00000)
 ParOldGen       total 134656K, used 134503K [0x00000000c0000000, 0x00000000c8380000, 0x00000000eab00000)
  object space 134656K, 99% used [0x00000000c0000000,0x00000000c8359f50,0x00000000c8380000)
 Metaspace       used 6580K, capacity 7256K, committed 7424K, reserved 1056768K
  class space    used 627K, capacity 656K, committed 768K, reserved 1048576K
Event: 25.469 GC heap after
Heap after GC invocations=12 (full 4):
 PSYoungGen      total 193536K, used 99783K [0x00000000eab00000, 0x00000000ff100000, 0x0000000100000000)
  eden space 147968K, 67% used [0x00000000eab00000,0x00000000f0c71dd8,0x00000000f3b80000)
  from space 45568K, 0% used [0x00000000fc480000,0x00000000fc480000,0x00000000ff100000)
  to   space 72704K, 0% used [0x00000000f6300000,0x00000000f6300000,0x00000000faa00000)
 ParOldGen       total 134656K, used 134635K [0x00000000c0000000, 0x00000000c8380000, 0x00000000eab00000)
  object space 134656K, 99% used [0x00000000c0000000,0x00000000c837ae88,0x00000000c8380000)
 Metaspace       used 6580K, capacity 7256K, committed 7424K, reserved 1056768K
  class space    used 627K, capacity 656K, committed 768K, reserved 1048576K
}
Event: 25.752 GC heap before
{Heap before GC invocations=13 (full 5):
 PSYoungGen      total 193536K, used 147968K [0x00000000eab00000, 0x00000000ff100000, 0x0000000100000000)
  eden space 147968K, 100% used [0x00000000eab00000,0x00000000f3b80000,0x00000000f3b80000)
  from space 45568K, 0% used [0x00000000fc480000,0x00000000fc480000,0x00000000ff100000)
  to   space 72704K, 0% used [0x00000000f6300000,0x00000000f6300000,0x00000000faa00000)
 ParOldGen       total 134656K, used 134635K [0x00000000c0000000, 0x00000000c8380000, 0x00000000eab00000)
  object space 134656K, 99% used [0x00000000c0000000,0x00000000c837ae88,0x00000000c8380000)
 Metaspace       used 6580K, capacity 7256K, committed 7424K, reserved 1056768K
  class space    used 627K, capacity 656K, committed 768K, reserved 1048576K
Event: 26.353 GC heap after
Heap after GC invocations=13 (full 5):
 PSYoungGen      total 193536K, used 105634K [0x00000000eab00000, 0x00000000ff100000, 0x0000000100000000)
  eden space 147968K, 71% used [0x00000000eab00000,0x00000000f12288a8,0x00000000f3b80000)
  from space 45568K, 0% used [0x00000000fc480000,0x00000000fc480000,0x00000000ff100000)
  to   space 72704K, 0% used [0x00000000f6300000,0x00000000f6300000,0x00000000faa00000)
 ParOldGen       total 134656K, used 134635K [0x00000000c0000000, 0x00000000c8380000, 0x00000000eab00000)
  object space 134656K, 99% used [0x00000000c0000000,0x00000000c837ae88,0x00000000c8380000)
 Metaspace       used 6580K, capacity 7256K, committed 7424K, reserved 1056768K
  class space    used 627K, capacity 656K, committed 768K, reserved 1048576K
}
Event: 26.647 GC heap before
{Heap before GC invocations=14 (full 6):
 PSYoungGen      total 193536K, used 147968K [0x00000000eab00000, 0x00000000ff100000, 0x0000000100000000)
  eden space 147968K, 100% used [0x00000000eab00000,0x00000000f3b80000,0x00000000f3b80000)
  from space 45568K, 0% used [0x00000000fc480000,0x00000000fc480000,0x00000000ff100000)
  to   space 72704K, 0% used [0x00000000f6300000,0x00000000f6300000,0x00000000faa00000)
 ParOldGen       total 134656K, used 134635K [0x00000000c0000000, 0x00000000c8380000, 0x00000000eab00000)
  object space 134656K, 99% used [0x00000000c0000000,0x00000000c837ae88,0x00000000c8380000)
 Metaspace       used 6580K, capacity 7256K, committed 7424K, reserved 1056768K
  class space    used 627K, capacity 656K, committed 768K, reserved 1048576K
Event: 27.326 GC heap after
Heap after GC invocations=14 (full 6):
 PSYoungGen      total 193536K, used 72382K [0x00000000eab00000, 0x00000000ff100000, 0x0000000100000000)
  eden space 147968K, 48% used [0x00000000eab00000,0x00000000ef1afa18,0x00000000f3b80000)
  from space 45568K, 0% used [0x00000000fc480000,0x00000000fc480000,0x00000000ff100000)
  to   space 72704K, 0% used [0x00000000f6300000,0x00000000f6300000,0x00000000faa00000)
 ParOldGen       total 134656K, used 134512K [0x00000000c0000000, 0x00000000c8380000, 0x00000000eab00000)
  object space 134656K, 99% used [0x00000000c0000000,0x00000000c835c0c8,0x00000000c8380000)
 Metaspace       used 6580K, capacity 7256K, committed 7424K, reserved 1056768K
  class space    used 627K, capacity 656K, committed 768K, reserved 1048576K
}
Event: 28.215 GC heap before
{Heap before GC invocations=15 (full 7):
 PSYoungGen      total 193536K, used 147968K [0x00000000eab00000, 0x00000000ff100000, 0x0000000100000000)
  eden space 147968K, 100% used [0x00000000eab00000,0x00000000f3b80000,0x00000000f3b80000)
  from space 45568K, 0% used [0x00000000fc480000,0x00000000fc480000,0x00000000ff100000)
  to   space 72704K, 0% used [0x00000000f6300000,0x00000000f6300000,0x00000000faa00000)
 ParOldGen       total 134656K, used 134512K [0x00000000c0000000, 0x00000000c8380000, 0x00000000eab00000)
  object space 134656K, 99% used [0x00000000c0000000,0x00000000c835c0c8,0x00000000c8380000)
 Metaspace       used 6581K, capacity 7256K, committed 7424K, reserved 1056768K
  class space    used 627K, capacity 656K, committed 768K, reserved 1048576K
Event: 28.919 GC heap after
Heap after GC invocations=15 (full 7):
 PSYoungGen      total 193536K, used 0K [0x00000000eab00000, 0x00000000ff100000, 0x0000000100000000)
  eden space 147968K, 0% used [0x00000000eab00000,0x00000000eab00000,0x00000000f3b80000)
  from space 45568K, 0% used [0x00000000fc480000,0x00000000fc480000,0x00000000ff100000)
  to   space 72704K, 0% used [0x00000000f6300000,0x00000000f6300000,0x00000000faa00000)
 ParOldGen       total 134656K, used 113001K [0x00000000c0000000, 0x00000000c8380000, 0x00000000eab00000)
  object space 134656K, 83% used [0x00000000c0000000,0x00000000c6e5a480,0x00000000c8380000)
 Metaspace       used 6581K, capacity 7256K, committed 7424K, reserved 1056768K
  class space    used 627K, capacity 656K, committed 768K, reserved 1048576K
}

