# JRE version: Java(TM) SE Runtime Environment (8.0_101-b13) (build 1.8.0_101-b13)
# Java VM: Java HotSpot(TM) 64-Bit Server VM (25.101-b13 mixed mode windows-amd64 compressed oops)
Heap:
 PSYoungGen      total 211456K, used 131979K [0x00000000eab00000, 0x00000000fd680000, 0x0000000100000000)
  eden space 144896K, 54% used [0x00000000eab00000,0x00000000ef770e20,0x00000000f3880000)
  from space 66560K, 80% used [0x00000000f9580000,0x00000000fc9f20d8,0x00000000fd680000)
  to   space 57856K, 0% used [0x00000000f3880000,0x00000000f3880000,0x00000000f7100000)
 ParOldGen       total 169472K, used 124867K [0x00000000c0000000, 0x00000000ca580000, 0x00000000eab00000)
  object space 169472K, 73% used [0x00000000c0000000,0x00000000c79f0c10,0x00000000ca580000)
 Metaspace       used 6580K, capacity 7256K, committed 7424K, reserved 1056768K
  class space    used 623K, capacity 656K, committed 768K, reserved 1048576K
GC Heap History (10 events):
Event: 29.863 GC heap before
{Heap before GC invocations=10 (full 1):
 PSYoungGen      total 136192K, used 23026K [0x00000000eab00000, 0x00000000fa100000, 0x0000000100000000)
  eden space 113152K, 0% used [0x00000000eab00000,0x00000000eab00000,0x00000000f1980000)
  from space 23040K, 99% used [0x00000000f1980000,0x00000000f2ffc868,0x00000000f3000000)
  to   space 35328K, 0% used [0x00000000f7e80000,0x00000000f7e80000,0x00000000fa100000)
 ParOldGen       total 50688K, used 50305K [0x00000000c0000000, 0x00000000c3180000, 0x00000000eab00000)
  object space 50688K, 99% used [0x00000000c0000000,0x00000000c3120728,0x00000000c3180000)
 Metaspace       used 6565K, capacity 7256K, committed 7424K, reserved 1056768K
  class space    used 622K, capacity 656K, committed 768K, reserved 1048576K
Event: 32.426 GC heap after
Heap after GC invocations=10 (full 1):
 PSYoungGen      total 136192K, used 13711K [0x00000000eab00000, 0x00000000fa100000, 0x0000000100000000)
  eden space 113152K, 0% used [0x00000000eab00000,0x00000000eab00000,0x00000000f1980000)
  from space 23040K, 59% used [0x00000000f1980000,0x00000000f26e3e20,0x00000000f3000000)
  to   space 35328K, 0% used [0x00000000f7e80000,0x00000000f7e80000,0x00000000fa100000)
 ParOldGen       total 91648K, used 50631K [0x00000000c0000000, 0x00000000c5980000, 0x00000000eab00000)
  object space 91648K, 55% used [0x00000000c0000000,0x00000000c3171ef0,0x00000000c5980000)
 Metaspace       used 6565K, capacity 7256K, committed 7424K, reserved 1056768K
  class space    used 622K, capacity 656K, committed 768K, reserved 1048576K
}
Event: 32.983 GC heap before
{Heap before GC invocations=11 (full 1):
 PSYoungGen      total 136192K, used 126863K [0x00000000eab00000, 0x00000000fa100000, 0x0000000100000000)
  eden space 113152K, 100% used [0x00000000eab00000,0x00000000f1980000,0x00000000f1980000)
  from space 23040K, 59% used [0x00000000f1980000,0x00000000f26e3e20,0x00000000f3000000)
  to   space 35328K, 0% used [0x00000000f7e80000,0x00000000f7e80000,0x00000000fa100000)
 ParOldGen       total 91648K, used 50631K [0x00000000c0000000, 0x00000000c5980000, 0x00000000eab00000)
  object space 91648K, 55% used [0x00000000c0000000,0x00000000c3171ef0,0x00000000c5980000)
 Metaspace       used 6571K, capacity 7256K, committed 7424K, reserved 1056768K
  class space    used 622K, capacity 656K, committed 768K, reserved 1048576K
Event: 33.138 GC heap after
Heap after GC invocations=11 (full 1):
 PSYoungGen      total 180224K, used 35308K [0x00000000eab00000, 0x00000000fa980000, 0x0000000100000000)
  eden space 144896K, 0% used [0x00000000eab00000,0x00000000eab00000,0x00000000f3880000)
  from space 35328K, 99% used [0x00000000f7e80000,0x00000000fa0fb3e8,0x00000000fa100000)
  to   space 57856K, 0% used [0x00000000f3880000,0x00000000f3880000,0x00000000f7100000)
 ParOldGen       total 96256K, used 95442K [0x00000000c0000000, 0x00000000c5e00000, 0x00000000eab00000)
  object space 96256K, 99% used [0x00000000c0000000,0x00000000c5d34b70,0x00000000c5e00000)
 Metaspace       used 6571K, capacity 7256K, committed 7424K, reserved 1056768K
  class space    used 622K, capacity 656K, committed 768K, reserved 1048576K
}
Event: 33.138 GC heap before
{Heap before GC invocations=12 (full 2):
 PSYoungGen      total 180224K, used 35308K [0x00000000eab00000, 0x00000000fa980000, 0x0000000100000000)
  eden space 144896K, 0% used [0x00000000eab00000,0x00000000eab00000,0x00000000f3880000)
  from space 35328K, 99% used [0x00000000f7e80000,0x00000000fa0fb3e8,0x00000000fa100000)
  to   space 57856K, 0% used [0x00000000f3880000,0x00000000f3880000,0x00000000f7100000)
 ParOldGen       total 96256K, used 95442K [0x00000000c0000000, 0x00000000c5e00000, 0x00000000eab00000)
  object space 96256K, 99% used [0x00000000c0000000,0x00000000c5d34b70,0x00000000c5e00000)
 Metaspace       used 6571K, capacity 7256K, committed 7424K, reserved 1056768K
  class space    used 622K, capacity 656K, committed 768K, reserved 1048576K
Event: 34.016 GC heap after
Heap after GC invocations=12 (full 2):
 PSYoungGen      total 180224K, used 25890K [0x00000000eab00000, 0x00000000fa980000, 0x0000000100000000)
  eden space 144896K, 0% used [0x00000000eab00000,0x00000000eab00000,0x00000000f3880000)
  from space 35328K, 73% used [0x00000000f7e80000,0x00000000f97c8818,0x00000000fa100000)
  to   space 57856K, 0% used [0x00000000f3880000,0x00000000f3880000,0x00000000f7100000)
 ParOldGen       total 169472K, used 96046K [0x00000000c0000000, 0x00000000ca580000, 0x00000000eab00000)
  object space 169472K, 56% used [0x00000000c0000000,0x00000000c5dcb990,0x00000000ca580000)
 Metaspace       used 6571K, capacity 7256K, committed 7424K, reserved 1056768K
  class space    used 622K, capacity 656K, committed 768K, reserved 1048576K
}
Event: 34.760 GC heap before
{Heap before GC invocations=13 (full 2):
 PSYoungGen      total 180224K, used 170786K [0x00000000eab00000, 0x00000000fa980000, 0x0000000100000000)
  eden space 144896K, 100% used [0x00000000eab00000,0x00000000f3880000,0x00000000f3880000)
  from space 35328K, 73% used [0x00000000f7e80000,0x00000000f97c8818,0x00000000fa100000)
  to   space 57856K, 0% used [0x00000000f3880000,0x00000000f3880000,0x00000000f7100000)
 ParOldGen       total 169472K, used 97873K [0x00000000c0000000, 0x00000000ca580000, 0x00000000eab00000)
  object space 169472K, 57% used [0x00000000c0000000,0x00000000c5f94798,0x00000000ca580000)
 Metaspace       used 6580K, capacity 7256K, committed 7424K, reserved 1056768K
  class space    used 623K, capacity 656K, committed 768K, reserved 1048576K
Event: 35.809 GC heap after
Heap after GC invocations=13 (full 2):
 PSYoungGen      total 202752K, used 52135K [0x00000000eab00000, 0x00000000fd680000, 0x0000000100000000)
  eden space 144896K, 0% used [0x00000000eab00000,0x00000000eab00000,0x00000000f3880000)
  from space 57856K, 90% used [0x00000000f3880000,0x00000000f6b69c38,0x00000000f7100000)
  to   space 66560K, 0% used [0x00000000f9580000,0x00000000f9580000,0x00000000fd680000)
 ParOldGen       total 169472K, used 124867K [0x00000000c0000000, 0x00000000ca580000, 0x00000000eab00000)
  object space 169472K, 73% used [0x00000000c0000000,0x00000000c79f0c10,0x00000000ca580000)
 Metaspace       used 6580K, capacity 7256K, committed 7424K, reserved 1056768K
  class space    used 623K, capacity 656K, committed 768K, reserved 1048576K
}
Event: 36.094 GC heap before
{Heap before GC invocations=14 (full 2):
 PSYoungGen      total 202752K, used 59006K [0x00000000eab00000, 0x00000000fd680000, 0x0000000100000000)
  eden space 144896K, 4% used [0x00000000eab00000,0x00000000eb1b5ce8,0x00000000f3880000)
  from space 57856K, 90% used [0x00000000f3880000,0x00000000f6b69c38,0x00000000f7100000)
  to   space 66560K, 0% used [0x00000000f9580000,0x00000000f9580000,0x00000000fd680000)
 ParOldGen       total 169472K, used 124867K [0x00000000c0000000, 0x00000000ca580000, 0x00000000eab00000)
  object space 169472K, 73% used [0x00000000c0000000,0x00000000c79f0c10,0x00000000ca580000)
 Metaspace       used 6580K, capacity 7256K, committed 7424K, reserved 1056768K
  class space    used 623K, capacity 656K, committed 768K, reserved 1048576K
Event: 37.616 GC heap after
Heap after GC invocations=14 (full 2):
 PSYoungGen      total 211456K, used 53704K [0x00000000eab00000, 0x00000000fd680000, 0x0000000100000000)
  eden space 144896K, 0% used [0x00000000eab00000,0x00000000eab00000,0x00000000f3880000)
  from space 66560K, 80% used [0x00000000f9580000,0x00000000fc9f20d8,0x00000000fd680000)
  to   space 57856K, 0% used [0x00000000f3880000,0x00000000f3880000,0x00000000f7100000)
 ParOldGen       total 169472K, used 124867K [0x00000000c0000000, 0x00000000ca580000, 0x00000000eab00000)
  object space 169472K, 73% used [0x00000000c0000000,0x00000000c79f0c10,0x00000000ca580000)
 Metaspace       used 6580K, capacity 7256K, committed 7424K, reserved 1056768K
  class space    used 623K, capacity 656K, committed 768K, reserved 1048576K
}

