# JRE version: Java(TM) SE Runtime Environment (8.0_101-b13) (build 1.8.0_101-b13)
# Java VM: Java HotSpot(TM) 64-Bit Server VM (25.101-b13 mixed mode windows-amd64 compressed oops)
Heap:
 PSYoungGen      total 232960K, used 95036K [0x00000000eab00000, 0x0000000100000000, 0x0000000100000000)
  eden space 116736K, 81% used [0x00000000eab00000,0x00000000f07cf2c8,0x00000000f1d00000)
  from space 116224K, 0% used [0x00000000f1d00000,0x00000000f1d00000,0x00000000f8e80000)
  to   space 116224K, 0% used [0x00000000f8e80000,0x00000000f8e80000,0x0000000100000000)
 ParOldGen       total 289792K, used 272411K [0x00000000c0000000, 0x00000000d1b00000, 0x00000000eab00000)
  object space 289792K, 94% used [0x00000000c0000000,0x00000000d0a06e30,0x00000000d1b00000)
 Metaspace       used 6620K, capacity 7256K, committed 7424K, reserved 1056768K
  class space    used 628K, capacity 656K, committed 768K, reserved 1048576K
GC Heap History (10 events):
Event: 57.195 GC heap before
{Heap before GC invocations=18 (full 5):
 PSYoungGen      total 195584K, used 195568K [0x00000000eab00000, 0x00000000faa80000, 0x0000000100000000)
  eden space 162304K, 100% used [0x00000000eab00000,0x00000000f4980000,0x00000000f4980000)
  from space 33280K, 99% used [0x00000000f7f00000,0x00000000f9f7c290,0x00000000f9f80000)
  to   space 49664K, 0% used [0x00000000f4980000,0x00000000f4980000,0x00000000f7a00000)
 ParOldGen       total 289792K, used 207825K [0x00000000c0000000, 0x00000000d1b00000, 0x00000000eab00000)
  object space 289792K, 71% used [0x00000000c0000000,0x00000000ccaf4578,0x00000000d1b00000)
 Metaspace       used 6620K, capacity 7256K, committed 7424K, reserved 1056768K
  class space    used 628K, capacity 656K, committed 768K, reserved 1048576K
Event: 57.439 GC heap after
Heap after GC invocations=18 (full 5):
 PSYoungGen      total 211968K, used 49654K [0x00000000eab00000, 0x0000000100000000, 0x0000000100000000)
  eden space 162304K, 0% used [0x00000000eab00000,0x00000000eab00000,0x00000000f4980000)
  from space 49664K, 99% used [0x00000000f4980000,0x00000000f79fda40,0x00000000f7a00000)
  to   space 116224K, 0% used [0x00000000f8e80000,0x00000000f8e80000,0x0000000100000000)
 ParOldGen       total 289792K, used 270810K [0x00000000c0000000, 0x00000000d1b00000, 0x00000000eab00000)
  object space 289792K, 93% used [0x00000000c0000000,0x00000000d0876a60,0x00000000d1b00000)
 Metaspace       used 6620K, capacity 7256K, committed 7424K, reserved 1056768K
  class space    used 628K, capacity 656K, committed 768K, reserved 1048576K
}
Event: 57.439 GC heap before
{Heap before GC invocations=19 (full 6):
 PSYoungGen      total 211968K, used 49654K [0x00000000eab00000, 0x0000000100000000, 0x0000000100000000)
  eden space 162304K, 0% used [0x00000000eab00000,0x00000000eab00000,0x00000000f4980000)
  from space 49664K, 99% used [0x00000000f4980000,0x00000000f79fda40,0x00000000f7a00000)
  to   space 116224K, 0% used [0x00000000f8e80000,0x00000000f8e80000,0x0000000100000000)
 ParOldGen       total 289792K, used 270810K [0x00000000c0000000, 0x00000000d1b00000, 0x00000000eab00000)
  object space 289792K, 93% used [0x00000000c0000000,0x00000000d0876a60,0x00000000d1b00000)
 Metaspace       used 6620K, capacity 7256K, committed 7424K, reserved 1056768K
  class space    used 628K, capacity 656K, committed 768K, reserved 1048576K
Event: 58.828 GC heap after
Heap after GC invocations=19 (full 6):
 PSYoungGen      total 211968K, used 0K [0x00000000eab00000, 0x0000000100000000, 0x0000000100000000)
  eden space 162304K, 0% used [0x00000000eab00000,0x00000000eab00000,0x00000000f4980000)
  from space 49664K, 0% used [0x00000000f4980000,0x00000000f4980000,0x00000000f7a00000)
  to   space 116224K, 0% used [0x00000000f8e80000,0x00000000f8e80000,0x0000000100000000)
 ParOldGen       total 289792K, used 185565K [0x00000000c0000000, 0x00000000d1b00000, 0x00000000eab00000)
  object space 289792K, 64% used [0x00000000c0000000,0x00000000cb5375d8,0x00000000d1b00000)
 Metaspace       used 6620K, capacity 7256K, committed 7424K, reserved 1056768K
  class space    used 628K, capacity 656K, committed 768K, reserved 1048576K
}
Event: 59.204 GC heap before
{Heap before GC invocations=20 (full 6):
 PSYoungGen      total 211968K, used 162304K [0x00000000eab00000, 0x0000000100000000, 0x0000000100000000)
  eden space 162304K, 100% used [0x00000000eab00000,0x00000000f4980000,0x00000000f4980000)
  from space 49664K, 0% used [0x00000000f4980000,0x00000000f4980000,0x00000000f7a00000)
  to   space 116224K, 0% used [0x00000000f8e80000,0x00000000f8e80000,0x0000000100000000)
 ParOldGen       total 289792K, used 185565K [0x00000000c0000000, 0x00000000d1b00000, 0x00000000eab00000)
  object space 289792K, 64% used [0x00000000c0000000,0x00000000cb5375d8,0x00000000d1b00000)
 Metaspace       used 6620K, capacity 7256K, committed 7424K, reserved 1056768K
  class space    used 628K, capacity 656K, committed 768K, reserved 1048576K
Event: 59.388 GC heap after
Heap after GC invocations=20 (full 6):
 PSYoungGen      total 232960K, used 72963K [0x00000000eab00000, 0x0000000100000000, 0x0000000100000000)
  eden space 116736K, 0% used [0x00000000eab00000,0x00000000eab00000,0x00000000f1d00000)
  from space 116224K, 62% used [0x00000000f8e80000,0x00000000fd5c0f50,0x0000000100000000)
  to   space 116224K, 0% used [0x00000000f1d00000,0x00000000f1d00000,0x00000000f8e80000)
 ParOldGen       total 289792K, used 185565K [0x00000000c0000000, 0x00000000d1b00000, 0x00000000eab00000)
  object space 289792K, 64% used [0x00000000c0000000,0x00000000cb5375d8,0x00000000d1b00000)
 Metaspace       used 6620K, capacity 7256K, committed 7424K, reserved 1056768K
  class space    used 628K, capacity 656K, committed 768K, reserved 1048576K
}
Event: 59.965 GC heap before
{Heap before GC invocations=21 (full 6):
 PSYoungGen      total 232960K, used 189699K [0x00000000eab00000, 0x0000000100000000, 0x0000000100000000)
  eden space 116736K, 100% used [0x00000000eab00000,0x00000000f1d00000,0x00000000f1d00000)
  from space 116224K, 62% used [0x00000000f8e80000,0x00000000fd5c0f50,0x0000000100000000)
  to   space 116224K, 0% used [0x00000000f1d00000,0x00000000f1d00000,0x00000000f8e80000)
 ParOldGen       total 289792K, used 185565K [0x00000000c0000000, 0x00000000d1b00000, 0x00000000eab00000)
  object space 289792K, 64% used [0x00000000c0000000,0x00000000cb5375d8,0x00000000d1b00000)
 Metaspace       used 6620K, capacity 7256K, committed 7424K, reserved 1056768K
  class space    used 628K, capacity 656K, committed 768K, reserved 1048576K
Event: 60.072 GC heap after
Heap after GC invocations=21 (full 6):
 PSYoungGen      total 232960K, used 23131K [0x00000000eab00000, 0x0000000100000000, 0x0000000100000000)
  eden space 116736K, 0% used [0x00000000eab00000,0x00000000eab00000,0x00000000f1d00000)
  from space 116224K, 19% used [0x00000000f1d00000,0x00000000f3396fe0,0x00000000f8e80000)
  to   space 116224K, 0% used [0x00000000f8e80000,0x00000000f8e80000,0x0000000100000000)
 ParOldGen       total 289792K, used 257798K [0x00000000c0000000, 0x00000000d1b00000, 0x00000000eab00000)
  object space 289792K, 88% used [0x00000000c0000000,0x00000000cfbc1b08,0x00000000d1b00000)
 Metaspace       used 6620K, capacity 7256K, committed 7424K, reserved 1056768K
  class space    used 628K, capacity 656K, committed 768K, reserved 1048576K
}
Event: 60.072 GC heap before
{Heap before GC invocations=22 (full 7):
 PSYoungGen      total 232960K, used 23131K [0x00000000eab00000, 0x0000000100000000, 0x0000000100000000)
  eden space 116736K, 0% used [0x00000000eab00000,0x00000000eab00000,0x00000000f1d00000)
  from space 116224K, 19% used [0x00000000f1d00000,0x00000000f3396fe0,0x00000000f8e80000)
  to   space 116224K, 0% used [0x00000000f8e80000,0x00000000f8e80000,0x0000000100000000)
 ParOldGen       total 289792K, used 257798K [0x00000000c0000000, 0x00000000d1b00000, 0x00000000eab00000)
  object space 289792K, 88% used [0x00000000c0000000,0x00000000cfbc1b08,0x00000000d1b00000)
 Metaspace       used 6620K, capacity 7256K, committed 7424K, reserved 1056768K
  class space    used 628K, capacity 656K, committed 768K, reserved 1048576K
Event: 61.207 GC heap after
Heap after GC invocations=22 (full 7):
 PSYoungGen      total 232960K, used 0K [0x00000000eab00000, 0x0000000100000000, 0x0000000100000000)
  eden space 116736K, 0% used [0x00000000eab00000,0x00000000eab00000,0x00000000f1d00000)
  from space 116224K, 0% used [0x00000000f1d00000,0x00000000f1d00000,0x00000000f8e80000)
  to   space 116224K, 0% used [0x00000000f8e80000,0x00000000f8e80000,0x0000000100000000)
 ParOldGen       total 289792K, used 272411K [0x00000000c0000000, 0x00000000d1b00000, 0x00000000eab00000)
  object space 289792K, 94% used [0x00000000c0000000,0x00000000d0a06e30,0x00000000d1b00000)
 Metaspace       used 6620K, capacity 7256K, committed 7424K, reserved 1056768K
  class space    used 628K, capacity 656K, committed 768K, reserved 1048576K
}

