# JRE version: Java(TM) SE Runtime Environment (8.0_101-b13) (build 1.8.0_101-b13)
# Java VM: Java HotSpot(TM) 64-Bit Server VM (25.101-b13 mixed mode windows-amd64 compressed oops)
Heap:
 PSYoungGen      total 206848K, used 153600K [0x00000000eab00000, 0x00000000ff700000, 0x0000000100000000)
  eden space 153600K, 100% used [0x00000000eab00000,0x00000000f4100000,0x00000000f4100000)
  from space 53248K, 0% used [0x00000000f4100000,0x00000000f4100000,0x00000000f7500000)
  to   space 78336K, 0% used [0x00000000faa80000,0x00000000faa80000,0x00000000ff700000)
 ParOldGen       total 153088K, used 153062K [0x00000000c0000000, 0x00000000c9580000, 0x00000000eab00000)
  object space 153088K, 99% used [0x00000000c0000000,0x00000000c9579838,0x00000000c9580000)
 Metaspace       used 6586K, capacity 7256K, committed 7424K, reserved 1056768K
  class space    used 628K, capacity 656K, committed 768K, reserved 1048576K
GC Heap History (10 events):
Event: 35.982 GC heap after
Heap after GC invocations=11 (full 1):
 PSYoungGen      total 187392K, used 33785K [0x00000000eab00000, 0x00000000fa900000, 0x0000000100000000)
  eden space 153600K, 0% used [0x00000000eab00000,0x00000000eab00000,0x00000000f4100000)
  from space 33792K, 99% used [0x00000000f8200000,0x00000000fa2fe548,0x00000000fa300000)
  to   space 53248K, 0% used [0x00000000f4100000,0x00000000f4100000,0x00000000f7500000)
 ParOldGen       total 86528K, used 84476K [0x00000000c0000000, 0x00000000c5480000, 0x00000000eab00000)
  object space 86528K, 97% used [0x00000000c0000000,0x00000000c527f280,0x00000000c5480000)
 Metaspace       used 6574K, capacity 7256K, committed 7424K, reserved 1056768K
  class space    used 626K, capacity 656K, committed 768K, reserved 1048576K
}
Event: 35.983 GC heap before
{Heap before GC invocations=12 (full 2):
 PSYoungGen      total 187392K, used 33785K [0x00000000eab00000, 0x00000000fa900000, 0x0000000100000000)
  eden space 153600K, 0% used [0x00000000eab00000,0x00000000eab00000,0x00000000f4100000)
  from space 33792K, 99% used [0x00000000f8200000,0x00000000fa2fe548,0x00000000fa300000)
  to   space 53248K, 0% used [0x00000000f4100000,0x00000000f4100000,0x00000000f7500000)
 ParOldGen       total 86528K, used 84476K [0x00000000c0000000, 0x00000000c5480000, 0x00000000eab00000)
  object space 86528K, 97% used [0x00000000c0000000,0x00000000c527f280,0x00000000c5480000)
 Metaspace       used 6574K, capacity 7256K, committed 7424K, reserved 1056768K
  class space    used 626K, capacity 656K, committed 768K, reserved 1048576K
Event: 37.995 GC heap after
Heap after GC invocations=12 (full 2):
 PSYoungGen      total 187392K, used 25168K [0x00000000eab00000, 0x00000000fa900000, 0x0000000100000000)
  eden space 153600K, 0% used [0x00000000eab00000,0x00000000eab00000,0x00000000f4100000)
  from space 33792K, 74% used [0x00000000f8200000,0x00000000f9a94290,0x00000000fa300000)
  to   space 53248K, 0% used [0x00000000f4100000,0x00000000f4100000,0x00000000f7500000)
 ParOldGen       total 153088K, used 86333K [0x00000000c0000000, 0x00000000c9580000, 0x00000000eab00000)
  object space 153088K, 56% used [0x00000000c0000000,0x00000000c544f5f8,0x00000000c9580000)
 Metaspace       used 6574K, capacity 7256K, committed 7424K, reserved 1056768K
  class space    used 626K, capacity 656K, committed 768K, reserved 1048576K
}
Event: 38.953 GC heap before
{Heap before GC invocations=13 (full 2):
 PSYoungGen      total 187392K, used 178768K [0x00000000eab00000, 0x00000000fa900000, 0x0000000100000000)
  eden space 153600K, 100% used [0x00000000eab00000,0x00000000f4100000,0x00000000f4100000)
  from space 33792K, 74% used [0x00000000f8200000,0x00000000f9a94290,0x00000000fa300000)
  to   space 53248K, 0% used [0x00000000f4100000,0x00000000f4100000,0x00000000f7500000)
 ParOldGen       total 153088K, used 86333K [0x00000000c0000000, 0x00000000c9580000, 0x00000000eab00000)
  object space 153088K, 56% used [0x00000000c0000000,0x00000000c544f5f8,0x00000000c9580000)
 Metaspace       used 6582K, capacity 7256K, committed 7424K, reserved 1056768K
  class space    used 627K, capacity 656K, committed 768K, reserved 1048576K
Event: 39.451 GC heap after
Heap after GC invocations=13 (full 2):
 PSYoungGen      total 206848K, used 53234K [0x00000000eab00000, 0x00000000ff700000, 0x0000000100000000)
  eden space 153600K, 0% used [0x00000000eab00000,0x00000000eab00000,0x00000000f4100000)
  from space 53248K, 99% used [0x00000000f4100000,0x00000000f74fcbc8,0x00000000f7500000)
  to   space 78336K, 0% used [0x00000000faa80000,0x00000000faa80000,0x00000000ff700000)
 ParOldGen       total 153088K, used 127451K [0x00000000c0000000, 0x00000000c9580000, 0x00000000eab00000)
  object space 153088K, 83% used [0x00000000c0000000,0x00000000c7c76d40,0x00000000c9580000)
 Metaspace       used 6582K, capacity 7256K, committed 7424K, reserved 1056768K
  class space    used 627K, capacity 656K, committed 768K, reserved 1048576K
}
Event: 39.451 GC heap before
{Heap before GC invocations=14 (full 3):
 PSYoungGen      total 206848K, used 53234K [0x00000000eab00000, 0x00000000ff700000, 0x0000000100000000)
  eden space 153600K, 0% used [0x00000000eab00000,0x00000000eab00000,0x00000000f4100000)
  from space 53248K, 99% used [0x00000000f4100000,0x00000000f74fcbc8,0x00000000f7500000)
  to   space 78336K, 0% used [0x00000000faa80000,0x00000000faa80000,0x00000000ff700000)
 ParOldGen       total 153088K, used 127451K [0x00000000c0000000, 0x00000000c9580000, 0x00000000eab00000)
  object space 153088K, 83% used [0x00000000c0000000,0x00000000c7c76d40,0x00000000c9580000)
 Metaspace       used 6582K, capacity 7256K, committed 7424K, reserved 1056768K
  class space    used 627K, capacity 656K, committed 768K, reserved 1048576K
Event: 41.999 GC heap after
Heap after GC invocations=14 (full 3):
 PSYoungGen      total 206848K, used 23445K [0x00000000eab00000, 0x00000000ff700000, 0x0000000100000000)
  eden space 153600K, 0% used [0x00000000eab00000,0x00000000eab00000,0x00000000f4100000)
  from space 53248K, 44% used [0x00000000f4100000,0x00000000f57e54e0,0x00000000f7500000)
  to   space 78336K, 0% used [0x00000000faa80000,0x00000000faa80000,0x00000000ff700000)
 ParOldGen       total 153088K, used 152914K [0x00000000c0000000, 0x00000000c9580000, 0x00000000eab00000)
  object space 153088K, 99% used [0x00000000c0000000,0x00000000c9554990,0x00000000c9580000)
 Metaspace       used 6582K, capacity 7256K, committed 7424K, reserved 1056768K
  class space    used 627K, capacity 656K, committed 768K, reserved 1048576K
}
Event: 46.974 GC heap before
{Heap before GC invocations=15 (full 4):
 PSYoungGen      total 206848K, used 177045K [0x00000000eab00000, 0x00000000ff700000, 0x0000000100000000)
  eden space 153600K, 100% used [0x00000000eab00000,0x00000000f4100000,0x00000000f4100000)
  from space 53248K, 44% used [0x00000000f4100000,0x00000000f57e54e0,0x00000000f7500000)
  to   space 78336K, 0% used [0x00000000faa80000,0x00000000faa80000,0x00000000ff700000)
 ParOldGen       total 153088K, used 152914K [0x00000000c0000000, 0x00000000c9580000, 0x00000000eab00000)
  object space 153088K, 99% used [0x00000000c0000000,0x00000000c9554990,0x00000000c9580000)
 Metaspace       used 6585K, capacity 7256K, committed 7424K, reserved 1056768K
  class space    used 628K, capacity 656K, committed 768K, reserved 1048576K
Event: 51.661 GC heap after
Heap after GC invocations=15 (full 4):
 PSYoungGen      total 206848K, used 68531K [0x00000000eab00000, 0x00000000ff700000, 0x0000000100000000)
  eden space 153600K, 44% used [0x00000000eab00000,0x00000000eedecdd8,0x00000000f4100000)
  from space 53248K, 0% used [0x00000000f4100000,0x00000000f4100000,0x00000000f7500000)
  to   space 78336K, 0% used [0x00000000faa80000,0x00000000faa80000,0x00000000ff700000)
 ParOldGen       total 153088K, used 153062K [0x00000000c0000000, 0x00000000c9580000, 0x00000000eab00000)
  object space 153088K, 99% used [0x00000000c0000000,0x00000000c9579838,0x00000000c9580000)
 Metaspace       used 6585K, capacity 7256K, committed 7424K, reserved 1056768K
  class space    used 628K, capacity 656K, committed 768K, reserved 1048576K
}
Event: 52.751 GC heap before
{Heap before GC invocations=16 (full 5):
 PSYoungGen      total 206848K, used 153600K [0x00000000eab00000, 0x00000000ff700000, 0x0000000100000000)
  eden space 153600K, 100% used [0x00000000eab00000,0x00000000f4100000,0x00000000f4100000)
  from space 53248K, 0% used [0x00000000f4100000,0x00000000f4100000,0x00000000f7500000)
  to   space 78336K, 0% used [0x00000000faa80000,0x00000000faa80000,0x00000000ff700000)
 ParOldGen       total 153088K, used 153062K [0x00000000c0000000, 0x00000000c9580000, 0x00000000eab00000)
  object space 153088K, 99% used [0x00000000c0000000,0x00000000c9579838,0x00000000c9580000)
 Metaspace       used 6586K, capacity 7256K, committed 7424K, reserved 1056768K
  class space    used 628K, capacity 656K, committed 768K, reserved 1048576K

