# JRE version: Java(TM) SE Runtime Environment (8.0_101-b13) (build 1.8.0_101-b13)
# Java VM: Java HotSpot(TM) 64-Bit Server VM (25.101-b13 mixed mode windows-amd64 compressed oops)
Heap:
 PSYoungGen      total 216576K, used 35816K [0x00000000eab00000, 0x00000000fde00000, 0x0000000100000000)
  eden space 165376K, 6% used [0x00000000eab00000,0x00000000eb626c50,0x00000000f4c80000)
  from space 51200K, 47% used [0x00000000f9380000,0x00000000fab53518,0x00000000fc580000)
  to   space 72704K, 0% used [0x00000000f4c80000,0x00000000f4c80000,0x00000000f9380000)
 ParOldGen       total 146944K, used 146712K [0x00000000c0000000, 0x00000000c8f80000, 0x00000000eab00000)
  object space 146944K, 99% used [0x00000000c0000000,0x00000000c8f46110,0x00000000c8f80000)
 Metaspace       used 6556K, capacity 7192K, committed 7424K, reserved 1056768K
  class space    used 626K, capacity 656K, committed 768K, reserved 1048576K
GC Heap History (10 events):
Event: 7.008 GC heap before
{Heap before GC invocations=8 (full 0):
 PSYoungGen      total 70144K, used 70128K [0x00000000eab00000, 0x00000000f3e00000, 0x0000000100000000)
  eden space 60416K, 100% used [0x00000000eab00000,0x00000000ee600000,0x00000000ee600000)
  from space 9728K, 99% used [0x00000000ee600000,0x00000000eef7c020,0x00000000eef80000)
  to   space 14848K, 0% used [0x00000000f2f80000,0x00000000f2f80000,0x00000000f3e00000)
 ParOldGen       total 40960K, used 15923K [0x00000000c0000000, 0x00000000c2800000, 0x00000000eab00000)
  object space 40960K, 38% used [0x00000000c0000000,0x00000000c0f8cc68,0x00000000c2800000)
 Metaspace       used 6553K, capacity 7192K, committed 7424K, reserved 1056768K
  class space    used 626K, capacity 656K, committed 768K, reserved 1048576K
Event: 7.429 GC heap after
Heap after GC invocations=8 (full 0):
 PSYoungGen      total 131584K, used 14819K [0x00000000eab00000, 0x00000000f4600000, 0x0000000100000000)
  eden space 116736K, 0% used [0x00000000eab00000,0x00000000eab00000,0x00000000f1d00000)
  from space 14848K, 99% used [0x00000000f2f80000,0x00000000f3df8eb8,0x00000000f3e00000)
  to   space 18944K, 0% used [0x00000000f1d00000,0x00000000f1d00000,0x00000000f2f80000)
 ParOldGen       total 40960K, used 19772K [0x00000000c0000000, 0x00000000c2800000, 0x00000000eab00000)
  object space 40960K, 48% used [0x00000000c0000000,0x00000000c134f3c0,0x00000000c2800000)
 Metaspace       used 6553K, capacity 7192K, committed 7424K, reserved 1056768K
  class space    used 626K, capacity 656K, committed 768K, reserved 1048576K
}
Event: 28.098 GC heap before
{Heap before GC invocations=9 (full 0):
 PSYoungGen      total 131584K, used 131555K [0x00000000eab00000, 0x00000000f4600000, 0x0000000100000000)
  eden space 116736K, 100% used [0x00000000eab00000,0x00000000f1d00000,0x00000000f1d00000)
  from space 14848K, 99% used [0x00000000f2f80000,0x00000000f3df8eb8,0x00000000f3e00000)
  to   space 18944K, 0% used [0x00000000f1d00000,0x00000000f1d00000,0x00000000f2f80000)
 ParOldGen       total 40960K, used 19772K [0x00000000c0000000, 0x00000000c2800000, 0x00000000eab00000)
  object space 40960K, 48% used [0x00000000c0000000,0x00000000c134f3c0,0x00000000c2800000)
 Metaspace       used 6556K, capacity 7192K, committed 7424K, reserved 1056768K
  class space    used 626K, capacity 656K, committed 768K, reserved 1048576K
Event: 28.312 GC heap after
Heap after GC invocations=9 (full 0):
 PSYoungGen      total 135680K, used 18928K [0x00000000eab00000, 0x00000000fc580000, 0x0000000100000000)
  eden space 116736K, 0% used [0x00000000eab00000,0x00000000eab00000,0x00000000f1d00000)
  from space 18944K, 99% used [0x00000000f1d00000,0x00000000f2f7c1e0,0x00000000f2f80000)
  to   space 51200K, 0% used [0x00000000f9380000,0x00000000f9380000,0x00000000fc580000)
 ParOldGen       total 91136K, used 91051K [0x00000000c0000000, 0x00000000c5900000, 0x00000000eab00000)
  object space 91136K, 99% used [0x00000000c0000000,0x00000000c58eac40,0x00000000c5900000)
 Metaspace       used 6556K, capacity 7192K, committed 7424K, reserved 1056768K
  class space    used 626K, capacity 656K, committed 768K, reserved 1048576K
}
Event: 28.312 GC heap before
{Heap before GC invocations=10 (full 1):
 PSYoungGen      total 135680K, used 18928K [0x00000000eab00000, 0x00000000fc580000, 0x0000000100000000)
  eden space 116736K, 0% used [0x00000000eab00000,0x00000000eab00000,0x00000000f1d00000)
  from space 18944K, 99% used [0x00000000f1d00000,0x00000000f2f7c1e0,0x00000000f2f80000)
  to   space 51200K, 0% used [0x00000000f9380000,0x00000000f9380000,0x00000000fc580000)
 ParOldGen       total 91136K, used 91051K [0x00000000c0000000, 0x00000000c5900000, 0x00000000eab00000)
  object space 91136K, 99% used [0x00000000c0000000,0x00000000c58eac40,0x00000000c5900000)
 Metaspace       used 6556K, capacity 7192K, committed 7424K, reserved 1056768K
  class space    used 626K, capacity 656K, committed 768K, reserved 1048576K
Event: 29.666 GC heap after
Heap after GC invocations=10 (full 1):
 PSYoungGen      total 135680K, used 14728K [0x00000000eab00000, 0x00000000fc580000, 0x0000000100000000)
  eden space 116736K, 0% used [0x00000000eab00000,0x00000000eab00000,0x00000000f1d00000)
  from space 18944K, 77% used [0x00000000f1d00000,0x00000000f2b62310,0x00000000f2f80000)
  to   space 51200K, 0% used [0x00000000f9380000,0x00000000f9380000,0x00000000fc580000)
 ParOldGen       total 146944K, used 90838K [0x00000000c0000000, 0x00000000c8f80000, 0x00000000eab00000)
  object space 146944K, 61% used [0x00000000c0000000,0x00000000c58b5ad0,0x00000000c8f80000)
 Metaspace       used 6556K, capacity 7192K, committed 7424K, reserved 1056768K
  class space    used 626K, capacity 656K, committed 768K, reserved 1048576K
}
Event: 29.874 GC heap before
{Heap before GC invocations=11 (full 1):
 PSYoungGen      total 135680K, used 131464K [0x00000000eab00000, 0x00000000fc580000, 0x0000000100000000)
  eden space 116736K, 100% used [0x00000000eab00000,0x00000000f1d00000,0x00000000f1d00000)
  from space 18944K, 77% used [0x00000000f1d00000,0x00000000f2b62310,0x00000000f2f80000)
  to   space 51200K, 0% used [0x00000000f9380000,0x00000000f9380000,0x00000000fc580000)
 ParOldGen       total 146944K, used 90838K [0x00000000c0000000, 0x00000000c8f80000, 0x00000000eab00000)
  object space 146944K, 61% used [0x00000000c0000000,0x00000000c58b5ad0,0x00000000c8f80000)
 Metaspace       used 6556K, capacity 7192K, committed 7424K, reserved 1056768K
  class space    used 626K, capacity 656K, committed 768K, reserved 1048576K
Event: 30.704 GC heap after
Heap after GC invocations=11 (full 1):
 PSYoungGen      total 216576K, used 51187K [0x00000000eab00000, 0x00000000fde00000, 0x0000000100000000)
  eden space 165376K, 0% used [0x00000000eab00000,0x00000000eab00000,0x00000000f4c80000)
  from space 51200K, 99% used [0x00000000f9380000,0x00000000fc57cf00,0x00000000fc580000)
  to   space 72704K, 0% used [0x00000000f4c80000,0x00000000f4c80000,0x00000000f9380000)
 ParOldGen       total 146944K, used 124212K [0x00000000c0000000, 0x00000000c8f80000, 0x00000000eab00000)
  object space 146944K, 84% used [0x00000000c0000000,0x00000000c794d3a8,0x00000000c8f80000)
 Metaspace       used 6556K, capacity 7192K, committed 7424K, reserved 1056768K
  class space    used 626K, capacity 656K, committed 768K, reserved 1048576K
}
Event: 30.704 GC heap before
{Heap before GC invocations=12 (full 2):
 PSYoungGen      total 216576K, used 51187K [0x00000000eab00000, 0x00000000fde00000, 0x0000000100000000)
  eden space 165376K, 0% used [0x00000000eab00000,0x00000000eab00000,0x00000000f4c80000)
  from space 51200K, 99% used [0x00000000f9380000,0x00000000fc57cf00,0x00000000fc580000)
  to   space 72704K, 0% used [0x00000000f4c80000,0x00000000f4c80000,0x00000000f9380000)
 ParOldGen       total 146944K, used 124212K [0x00000000c0000000, 0x00000000c8f80000, 0x00000000eab00000)
  object space 146944K, 84% used [0x00000000c0000000,0x00000000c794d3a8,0x00000000c8f80000)
 Metaspace       used 6556K, capacity 7192K, committed 7424K, reserved 1056768K
  class space    used 626K, capacity 656K, committed 768K, reserved 1048576K
Event: 35.779 GC heap after
Heap after GC invocations=12 (full 2):
 PSYoungGen      total 216576K, used 24397K [0x00000000eab00000, 0x00000000fde00000, 0x0000000100000000)
  eden space 165376K, 0% used [0x00000000eab00000,0x00000000eab00000,0x00000000f4c80000)
  from space 51200K, 47% used [0x00000000f9380000,0x00000000fab53518,0x00000000fc580000)
  to   space 72704K, 0% used [0x00000000f4c80000,0x00000000f4c80000,0x00000000f9380000)
 ParOldGen       total 146944K, used 146712K [0x00000000c0000000, 0x00000000c8f80000, 0x00000000eab00000)
  object space 146944K, 99% used [0x00000000c0000000,0x00000000c8f46110,0x00000000c8f80000)
 Metaspace       used 6556K, capacity 7192K, committed 7424K, reserved 1056768K
  class space    used 626K, capacity 656K, committed 768K, reserved 1048576K
}

