# JRE version: Java(TM) SE Runtime Environment (8.0_101-b13) (build 1.8.0_101-b13)
# Java VM: Java HotSpot(TM) 64-Bit Server VM (25.101-b13 mixed mode windows-amd64 compressed oops)
Heap:
 PSYoungGen      total 130560K, used 83597K [0x00000000eab00000, 0x00000000f4600000, 0x0000000100000000)
  eden space 116224K, 71% used [0x00000000eab00000,0x00000000efca36f0,0x00000000f1c80000)
  from space 14336K, 0% used [0x00000000f2f00000,0x00000000f2f00000,0x00000000f3d00000)
  to   space 18944K, 0% used [0x00000000f1c80000,0x00000000f1c80000,0x00000000f2f00000)
 ParOldGen       total 166912K, used 166527K [0x00000000c0000000, 0x00000000ca300000, 0x00000000eab00000)
  object space 166912K, 99% used [0x00000000c0000000,0x00000000ca29ffa8,0x00000000ca300000)
 Metaspace       used 6581K, capacity 7256K, committed 7424K, reserved 1056768K
  class space    used 627K, capacity 656K, committed 768K, reserved 1048576K
GC Heap History (10 events):
Event: 15.101 GC heap before
{Heap before GC invocations=10 (full 1):
 PSYoungGen      total 135168K, used 18922K [0x00000000eab00000, 0x00000000f4600000, 0x0000000100000000)
  eden space 116224K, 0% used [0x00000000eab00000,0x00000000eab00000,0x00000000f1c80000)
  from space 18944K, 99% used [0x00000000f1c80000,0x00000000f2efa8c8,0x00000000f2f00000)
  to   space 14336K, 0% used [0x00000000f2f00000,0x00000000f2f00000,0x00000000f3d00000)
 ParOldGen       total 89088K, used 88386K [0x00000000c0000000, 0x00000000c5700000, 0x00000000eab00000)
  object space 89088K, 99% used [0x00000000c0000000,0x00000000c5650838,0x00000000c5700000)
 Metaspace       used 6573K, capacity 7256K, committed 7424K, reserved 1056768K
  class space    used 626K, capacity 656K, committed 768K, reserved 1048576K
Event: 18.057 GC heap after
Heap after GC invocations=10 (full 1):
 PSYoungGen      total 135168K, used 14776K [0x00000000eab00000, 0x00000000f4600000, 0x0000000100000000)
  eden space 116224K, 0% used [0x00000000eab00000,0x00000000eab00000,0x00000000f1c80000)
  from space 18944K, 78% used [0x00000000f1c80000,0x00000000f2aee2a8,0x00000000f2f00000)
  to   space 14336K, 0% used [0x00000000f2f00000,0x00000000f2f00000,0x00000000f3d00000)
 ParOldGen       total 147456K, used 88700K [0x00000000c0000000, 0x00000000c9000000, 0x00000000eab00000)
  object space 147456K, 60% used [0x00000000c0000000,0x00000000c569f090,0x00000000c9000000)
 Metaspace       used 6573K, capacity 7256K, committed 7424K, reserved 1056768K
  class space    used 626K, capacity 656K, committed 768K, reserved 1048576K
}
Event: 18.207 GC heap before
{Heap before GC invocations=11 (full 1):
 PSYoungGen      total 135168K, used 131000K [0x00000000eab00000, 0x00000000f4600000, 0x0000000100000000)
  eden space 116224K, 100% used [0x00000000eab00000,0x00000000f1c80000,0x00000000f1c80000)
  from space 18944K, 78% used [0x00000000f1c80000,0x00000000f2aee2a8,0x00000000f2f00000)
  to   space 14336K, 0% used [0x00000000f2f00000,0x00000000f2f00000,0x00000000f3d00000)
 ParOldGen       total 147456K, used 88700K [0x00000000c0000000, 0x00000000c9000000, 0x00000000eab00000)
  object space 147456K, 60% used [0x00000000c0000000,0x00000000c569f090,0x00000000c9000000)
 Metaspace       used 6573K, capacity 7256K, committed 7424K, reserved 1056768K
  class space    used 626K, capacity 656K, committed 768K, reserved 1048576K
Event: 18.398 GC heap after
Heap after GC invocations=11 (full 1):
 PSYoungGen      total 130560K, used 14315K [0x00000000eab00000, 0x00000000f4600000, 0x0000000100000000)
  eden space 116224K, 0% used [0x00000000eab00000,0x00000000eab00000,0x00000000f1c80000)
  from space 14336K, 99% used [0x00000000f2f00000,0x00000000f3cfac08,0x00000000f3d00000)
  to   space 18944K, 0% used [0x00000000f1c80000,0x00000000f1c80000,0x00000000f2f00000)
 ParOldGen       total 166912K, used 166576K [0x00000000c0000000, 0x00000000ca300000, 0x00000000eab00000)
  object space 166912K, 99% used [0x00000000c0000000,0x00000000ca2ac2e0,0x00000000ca300000)
 Metaspace       used 6573K, capacity 7256K, committed 7424K, reserved 1056768K
  class space    used 626K, capacity 656K, committed 768K, reserved 1048576K
}
Event: 18.398 GC heap before
{Heap before GC invocations=12 (full 2):
 PSYoungGen      total 130560K, used 14315K [0x00000000eab00000, 0x00000000f4600000, 0x0000000100000000)
  eden space 116224K, 0% used [0x00000000eab00000,0x00000000eab00000,0x00000000f1c80000)
  from space 14336K, 99% used [0x00000000f2f00000,0x00000000f3cfac08,0x00000000f3d00000)
  to   space 18944K, 0% used [0x00000000f1c80000,0x00000000f1c80000,0x00000000f2f00000)
 ParOldGen       total 166912K, used 166576K [0x00000000c0000000, 0x00000000ca300000, 0x00000000eab00000)
  object space 166912K, 99% used [0x00000000c0000000,0x00000000ca2ac2e0,0x00000000ca300000)
 Metaspace       used 6573K, capacity 7256K, committed 7424K, reserved 1056768K
  class space    used 626K, capacity 656K, committed 768K, reserved 1048576K
Event: 18.909 GC heap after
Heap after GC invocations=12 (full 2):
 PSYoungGen      total 130560K, used 8139K [0x00000000eab00000, 0x00000000f4600000, 0x0000000100000000)
  eden space 116224K, 0% used [0x00000000eab00000,0x00000000eab00000,0x00000000f1c80000)
  from space 14336K, 56% used [0x00000000f2f00000,0x00000000f36f2ee0,0x00000000f3d00000)
  to   space 18944K, 0% used [0x00000000f1c80000,0x00000000f1c80000,0x00000000f2f00000)
 ParOldGen       total 166912K, used 166698K [0x00000000c0000000, 0x00000000ca300000, 0x00000000eab00000)
  object space 166912K, 99% used [0x00000000c0000000,0x00000000ca2ca830,0x00000000ca300000)
 Metaspace       used 6573K, capacity 7256K, committed 7424K, reserved 1056768K
  class space    used 626K, capacity 656K, committed 768K, reserved 1048576K
}
Event: 19.355 GC heap before
{Heap before GC invocations=13 (full 3):
 PSYoungGen      total 130560K, used 124363K [0x00000000eab00000, 0x00000000f4600000, 0x0000000100000000)
  eden space 116224K, 100% used [0x00000000eab00000,0x00000000f1c80000,0x00000000f1c80000)
  from space 14336K, 56% used [0x00000000f2f00000,0x00000000f36f2ee0,0x00000000f3d00000)
  to   space 18944K, 0% used [0x00000000f1c80000,0x00000000f1c80000,0x00000000f2f00000)
 ParOldGen       total 166912K, used 166698K [0x00000000c0000000, 0x00000000ca300000, 0x00000000eab00000)
  object space 166912K, 99% used [0x00000000c0000000,0x00000000ca2ca830,0x00000000ca300000)
 Metaspace       used 6578K, capacity 7256K, committed 7424K, reserved 1056768K
  class space    used 627K, capacity 656K, committed 768K, reserved 1048576K
Event: 19.854 GC heap after
Heap after GC invocations=13 (full 3):
 PSYoungGen      total 130560K, used 41542K [0x00000000eab00000, 0x00000000f4600000, 0x0000000100000000)
  eden space 116224K, 35% used [0x00000000eab00000,0x00000000ed3919e0,0x00000000f1c80000)
  from space 14336K, 0% used [0x00000000f2f00000,0x00000000f2f00000,0x00000000f3d00000)
  to   space 18944K, 0% used [0x00000000f1c80000,0x00000000f1c80000,0x00000000f2f00000)
 ParOldGen       total 166912K, used 166736K [0x00000000c0000000, 0x00000000ca300000, 0x00000000eab00000)
  object space 166912K, 99% used [0x00000000c0000000,0x00000000ca2d4228,0x00000000ca300000)
 Metaspace       used 6578K, capacity 7256K, committed 7424K, reserved 1056768K
  class space    used 627K, capacity 656K, committed 768K, reserved 1048576K
}
Event: 20.004 GC heap before
{Heap before GC invocations=14 (full 4):
 PSYoungGen      total 130560K, used 116224K [0x00000000eab00000, 0x00000000f4600000, 0x0000000100000000)
  eden space 116224K, 100% used [0x00000000eab00000,0x00000000f1c80000,0x00000000f1c80000)
  from space 14336K, 0% used [0x00000000f2f00000,0x00000000f2f00000,0x00000000f3d00000)
  to   space 18944K, 0% used [0x00000000f1c80000,0x00000000f1c80000,0x00000000f2f00000)
 ParOldGen       total 166912K, used 166736K [0x00000000c0000000, 0x00000000ca300000, 0x00000000eab00000)
  object space 166912K, 99% used [0x00000000c0000000,0x00000000ca2d4228,0x00000000ca300000)
 Metaspace       used 6581K, capacity 7256K, committed 7424K, reserved 1056768K
  class space    used 627K, capacity 656K, committed 768K, reserved 1048576K
Event: 20.573 GC heap after
Heap after GC invocations=14 (full 4):
 PSYoungGen      total 130560K, used 64174K [0x00000000eab00000, 0x00000000f4600000, 0x0000000100000000)
  eden space 116224K, 55% used [0x00000000eab00000,0x00000000ee9abaf8,0x00000000f1c80000)
  from space 14336K, 0% used [0x00000000f2f00000,0x00000000f2f00000,0x00000000f3d00000)
  to   space 18944K, 0% used [0x00000000f1c80000,0x00000000f1c80000,0x00000000f2f00000)
 ParOldGen       total 166912K, used 166527K [0x00000000c0000000, 0x00000000ca300000, 0x00000000eab00000)
  object space 166912K, 99% used [0x00000000c0000000,0x00000000ca29ffa8,0x00000000ca300000)
 Metaspace       used 6581K, capacity 7256K, committed 7424K, reserved 1056768K
  class space    used 627K, capacity 656K, committed 768K, reserved 1048576K
}

