# JRE version: Java(TM) SE Runtime Environment (8.0_101-b13) (build 1.8.0_101-b13)
# Java VM: Java HotSpot(TM) 64-Bit Server VM (25.101-b13 mixed mode windows-amd64 compressed oops)
Heap:
 PSYoungGen      total 254976K, used 98337K [0x00000000eab00000, 0x0000000100000000, 0x0000000100000000)
  eden space 190464K, 17% used [0x00000000eab00000,0x00000000ecc72b10,0x00000000f6500000)
  from space 64512K, 99% used [0x00000000f6500000,0x00000000fa395c48,0x00000000fa400000)
  to   space 87552K, 0% used [0x00000000faa80000,0x00000000faa80000,0x0000000100000000)
 ParOldGen       total 278528K, used 174375K [0x00000000c0000000, 0x00000000d1000000, 0x00000000eab00000)
  object space 278528K, 62% used [0x00000000c0000000,0x00000000caa49c90,0x00000000d1000000)
 Metaspace       used 6583K, capacity 7256K, committed 7424K, reserved 1056768K
  class space    used 628K, capacity 656K, committed 768K, reserved 1048576K
GC Heap History (10 events):
Event: 33.600 GC heap before
{Heap before GC invocations=12 (full 1):
 PSYoungGen      total 204288K, used 204270K [0x00000000eab00000, 0x00000000fc400000, 0x0000000100000000)
  eden space 154624K, 100% used [0x00000000eab00000,0x00000000f4200000,0x00000000f4200000)
  from space 49664K, 99% used [0x00000000f8f80000,0x00000000fbffb8d0,0x00000000fc000000)
  to   space 66560K, 0% used [0x00000000f4200000,0x00000000f4200000,0x00000000f8300000)
 ParOldGen       total 143360K, used 107895K [0x00000000c0000000, 0x00000000c8c00000, 0x00000000eab00000)
  object space 143360K, 75% used [0x00000000c0000000,0x00000000c695dfc8,0x00000000c8c00000)
 Metaspace       used 6566K, capacity 7256K, committed 7424K, reserved 1056768K
  class space    used 628K, capacity 656K, committed 768K, reserved 1048576K
Event: 35.624 GC heap after
Heap after GC invocations=12 (full 1):
 PSYoungGen      total 221184K, used 56992K [0x00000000eab00000, 0x0000000100000000, 0x0000000100000000)
  eden space 154624K, 0% used [0x00000000eab00000,0x00000000eab00000,0x00000000f4200000)
  from space 66560K, 85% used [0x00000000f4200000,0x00000000f79a8358,0x00000000f8300000)
  to   space 74752K, 0% used [0x00000000fb700000,0x00000000fb700000,0x0000000100000000)
 ParOldGen       total 159744K, used 159638K [0x00000000c0000000, 0x00000000c9c00000, 0x00000000eab00000)
  object space 159744K, 99% used [0x00000000c0000000,0x00000000c9be5898,0x00000000c9c00000)
 Metaspace       used 6566K, capacity 7256K, committed 7424K, reserved 1056768K
  class space    used 628K, capacity 656K, committed 768K, reserved 1048576K
}
Event: 35.624 GC heap before
{Heap before GC invocations=13 (full 2):
 PSYoungGen      total 221184K, used 56992K [0x00000000eab00000, 0x0000000100000000, 0x0000000100000000)
  eden space 154624K, 0% used [0x00000000eab00000,0x00000000eab00000,0x00000000f4200000)
  from space 66560K, 85% used [0x00000000f4200000,0x00000000f79a8358,0x00000000f8300000)
  to   space 74752K, 0% used [0x00000000fb700000,0x00000000fb700000,0x0000000100000000)
 ParOldGen       total 159744K, used 159638K [0x00000000c0000000, 0x00000000c9c00000, 0x00000000eab00000)
  object space 159744K, 99% used [0x00000000c0000000,0x00000000c9be5898,0x00000000c9c00000)
 Metaspace       used 6566K, capacity 7256K, committed 7424K, reserved 1056768K
  class space    used 628K, capacity 656K, committed 768K, reserved 1048576K
Event: 39.059 GC heap after
Heap after GC invocations=13 (full 2):
 PSYoungGen      total 221184K, used 43112K [0x00000000eab00000, 0x0000000100000000, 0x0000000100000000)
  eden space 154624K, 0% used [0x00000000eab00000,0x00000000eab00000,0x00000000f4200000)
  from space 66560K, 64% used [0x00000000f4200000,0x00000000f6c1a080,0x00000000f8300000)
  to   space 74752K, 0% used [0x00000000fb700000,0x00000000fb700000,0x0000000100000000)
 ParOldGen       total 242688K, used 159720K [0x00000000c0000000, 0x00000000ced00000, 0x00000000eab00000)
  object space 242688K, 65% used [0x00000000c0000000,0x00000000c9bfa380,0x00000000ced00000)
 Metaspace       used 6566K, capacity 7256K, committed 7424K, reserved 1056768K
  class space    used 628K, capacity 656K, committed 768K, reserved 1048576K
}
Event: 39.675 GC heap before
{Heap before GC invocations=14 (full 2):
 PSYoungGen      total 221184K, used 197736K [0x00000000eab00000, 0x0000000100000000, 0x0000000100000000)
  eden space 154624K, 100% used [0x00000000eab00000,0x00000000f4200000,0x00000000f4200000)
  from space 66560K, 64% used [0x00000000f4200000,0x00000000f6c1a080,0x00000000f8300000)
  to   space 74752K, 0% used [0x00000000fb700000,0x00000000fb700000,0x0000000100000000)
 ParOldGen       total 242688K, used 159720K [0x00000000c0000000, 0x00000000ced00000, 0x00000000eab00000)
  object space 242688K, 65% used [0x00000000c0000000,0x00000000c9bfa380,0x00000000ced00000)
 Metaspace       used 6566K, capacity 7256K, committed 7424K, reserved 1056768K
  class space    used 628K, capacity 656K, committed 768K, reserved 1048576K
Event: 39.927 GC heap after
Heap after GC invocations=14 (full 2):
 PSYoungGen      total 265216K, used 50925K [0x00000000eab00000, 0x0000000100000000, 0x0000000100000000)
  eden space 190464K, 0% used [0x00000000eab00000,0x00000000eab00000,0x00000000f6500000)
  from space 74752K, 68% used [0x00000000fb700000,0x00000000fe8bb528,0x0000000100000000)
  to   space 79360K, 0% used [0x00000000f6500000,0x00000000f6500000,0x00000000fb280000)
 ParOldGen       total 242688K, used 200946K [0x00000000c0000000, 0x00000000ced00000, 0x00000000eab00000)
  object space 242688K, 82% used [0x00000000c0000000,0x00000000cc43c8d0,0x00000000ced00000)
 Metaspace       used 6566K, capacity 7256K, committed 7424K, reserved 1056768K
  class space    used 628K, capacity 656K, committed 768K, reserved 1048576K
}
Event: 39.927 GC heap before
{Heap before GC invocations=15 (full 3):
 PSYoungGen      total 265216K, used 50925K [0x00000000eab00000, 0x0000000100000000, 0x0000000100000000)
  eden space 190464K, 0% used [0x00000000eab00000,0x00000000eab00000,0x00000000f6500000)
  from space 74752K, 68% used [0x00000000fb700000,0x00000000fe8bb528,0x0000000100000000)
  to   space 79360K, 0% used [0x00000000f6500000,0x00000000f6500000,0x00000000fb280000)
 ParOldGen       total 242688K, used 200946K [0x00000000c0000000, 0x00000000ced00000, 0x00000000eab00000)
  object space 242688K, 82% used [0x00000000c0000000,0x00000000cc43c8d0,0x00000000ced00000)
 Metaspace       used 6566K, capacity 7256K, committed 7424K, reserved 1056768K
  class space    used 628K, capacity 656K, committed 768K, reserved 1048576K
Event: 40.705 GC heap after
Heap after GC invocations=15 (full 3):
 PSYoungGen      total 265216K, used 0K [0x00000000eab00000, 0x0000000100000000, 0x0000000100000000)
  eden space 190464K, 0% used [0x00000000eab00000,0x00000000eab00000,0x00000000f6500000)
  from space 74752K, 0% used [0x00000000fb700000,0x00000000fb700000,0x0000000100000000)
  to   space 79360K, 0% used [0x00000000f6500000,0x00000000f6500000,0x00000000fb280000)
 ParOldGen       total 278528K, used 174367K [0x00000000c0000000, 0x00000000d1000000, 0x00000000eab00000)
  object space 278528K, 62% used [0x00000000c0000000,0x00000000caa47c90,0x00000000d1000000)
 Metaspace       used 6566K, capacity 7256K, committed 7424K, reserved 1056768K
  class space    used 628K, capacity 656K, committed 768K, reserved 1048576K
}
Event: 46.240 GC heap before
{Heap before GC invocations=16 (full 3):
 PSYoungGen      total 265216K, used 190464K [0x00000000eab00000, 0x0000000100000000, 0x0000000100000000)
  eden space 190464K, 100% used [0x00000000eab00000,0x00000000f6500000,0x00000000f6500000)
  from space 74752K, 0% used [0x00000000fb700000,0x00000000fb700000,0x0000000100000000)
  to   space 79360K, 0% used [0x00000000f6500000,0x00000000f6500000,0x00000000fb280000)
 ParOldGen       total 278528K, used 174367K [0x00000000c0000000, 0x00000000d1000000, 0x00000000eab00000)
  object space 278528K, 62% used [0x00000000c0000000,0x00000000caa47c90,0x00000000d1000000)
 Metaspace       used 6577K, capacity 7256K, committed 7424K, reserved 1056768K
  class space    used 628K, capacity 656K, committed 768K, reserved 1048576K
Event: 46.682 GC heap after
Heap after GC invocations=16 (full 3):
 PSYoungGen      total 254976K, used 64087K [0x00000000eab00000, 0x0000000100000000, 0x0000000100000000)
  eden space 190464K, 0% used [0x00000000eab00000,0x00000000eab00000,0x00000000f6500000)
  from space 64512K, 99% used [0x00000000f6500000,0x00000000fa395c48,0x00000000fa400000)
  to   space 87552K, 0% used [0x00000000faa80000,0x00000000faa80000,0x0000000100000000)
 ParOldGen       total 278528K, used 174375K [0x00000000c0000000, 0x00000000d1000000, 0x00000000eab00000)
  object space 278528K, 62% used [0x00000000c0000000,0x00000000caa49c90,0x00000000d1000000)
 Metaspace       used 6577K, capacity 7256K, committed 7424K, reserved 1056768K
  class space    used 628K, capacity 656K, committed 768K, reserved 1048576K
}

