# JRE version: Java(TM) SE Runtime Environment (8.0_101-b13) (build 1.8.0_101-b13)
# Java VM: Java HotSpot(TM) 64-Bit Server VM (25.101-b13 mixed mode windows-amd64 compressed oops)
Heap:
 PSYoungGen      total 180224K, used 112005K [0x00000000eab00000, 0x00000000f8400000, 0x0000000100000000)
  eden space 151040K, 54% used [0x00000000eab00000,0x00000000efbe5620,0x00000000f3e80000)
  from space 29184K, 99% used [0x00000000f6000000,0x00000000f7c7bf28,0x00000000f7c80000)
  to   space 34304K, 0% used [0x00000000f3e80000,0x00000000f3e80000,0x00000000f6000000)
 ParOldGen       total 62464K, used 33511K [0x00000000c0000000, 0x00000000c3d00000, 0x00000000eab00000)
  object space 62464K, 53% used [0x00000000c0000000,0x00000000c20b9fb0,0x00000000c3d00000)
 Metaspace       used 6125K, capacity 7088K, committed 7296K, reserved 1056768K
  class space    used 586K, capacity 616K, committed 640K, reserved 1048576K
GC Heap History (10 events):
Event: 9.053 GC heap before
{Heap before GC invocations=7 (full 0):
 PSYoungGen      total 66560K, used 66557K [0x00000000eab00000, 0x00000000efd00000, 0x0000000100000000)
  eden space 58368K, 100% used [0x00000000eab00000,0x00000000ee400000,0x00000000ee400000)
  from space 8192K, 99% used [0x00000000eef00000,0x00000000ef6ff660,0x00000000ef700000)
  to   space 11264K, 0% used [0x00000000ee400000,0x00000000ee400000,0x00000000eef00000)
 ParOldGen       total 40960K, used 18542K [0x00000000c0000000, 0x00000000c2800000, 0x00000000eab00000)
  object space 40960K, 45% used [0x00000000c0000000,0x00000000c121bb48,0x00000000c2800000)
 Metaspace       used 5936K, capacity 6960K, committed 7040K, reserved 1056768K
  class space    used 584K, capacity 616K, committed 640K, reserved 1048576K
Event: 9.194 GC heap after
Heap after GC invocations=7 (full 0):
 PSYoungGen      total 69632K, used 11246K [0x00000000eab00000, 0x00000000f4200000, 0x0000000100000000)
  eden space 58368K, 0% used [0x00000000eab00000,0x00000000eab00000,0x00000000ee400000)
  from space 11264K, 99% used [0x00000000ee400000,0x00000000eeefb900,0x00000000eef00000)
  to   space 18944K, 0% used [0x00000000f2f80000,0x00000000f2f80000,0x00000000f4200000)
 ParOldGen       total 40960K, used 30346K [0x00000000c0000000, 0x00000000c2800000, 0x00000000eab00000)
  object space 40960K, 74% used [0x00000000c0000000,0x00000000c1da2a10,0x00000000c2800000)
 Metaspace       used 5936K, capacity 6960K, committed 7040K, reserved 1056768K
  class space    used 584K, capacity 616K, committed 640K, reserved 1048576K
}
Event: 9.959 GC heap before
{Heap before GC invocations=8 (full 0):
 PSYoungGen      total 69632K, used 69614K [0x00000000eab00000, 0x00000000f4200000, 0x0000000100000000)
  eden space 58368K, 100% used [0x00000000eab00000,0x00000000ee400000,0x00000000ee400000)
  from space 11264K, 99% used [0x00000000ee400000,0x00000000eeefb900,0x00000000eef00000)
  to   space 18944K, 0% used [0x00000000f2f80000,0x00000000f2f80000,0x00000000f4200000)
 ParOldGen       total 40960K, used 30346K [0x00000000c0000000, 0x00000000c2800000, 0x00000000eab00000)
  object space 40960K, 74% used [0x00000000c0000000,0x00000000c1da2a10,0x00000000c2800000)
 Metaspace       used 6008K, capacity 7024K, committed 7296K, reserved 1056768K
  class space    used 584K, capacity 616K, committed 640K, reserved 1048576K
Event: 10.040 GC heap after
Heap after GC invocations=8 (full 0):
 PSYoungGen      total 129536K, used 18920K [0x00000000eab00000, 0x00000000f4e00000, 0x0000000100000000)
  eden space 110592K, 0% used [0x00000000eab00000,0x00000000eab00000,0x00000000f1700000)
  from space 18944K, 99% used [0x00000000f2f80000,0x00000000f41fa088,0x00000000f4200000)
  to   space 25088K, 0% used [0x00000000f1700000,0x00000000f1700000,0x00000000f2f80000)
 ParOldGen       total 40960K, used 36871K [0x00000000c0000000, 0x00000000c2800000, 0x00000000eab00000)
  object space 40960K, 90% used [0x00000000c0000000,0x00000000c2401fd0,0x00000000c2800000)
 Metaspace       used 6008K, capacity 7024K, committed 7296K, reserved 1056768K
  class space    used 584K, capacity 616K, committed 640K, reserved 1048576K
}
Event: 10.040 GC heap before
{Heap before GC invocations=9 (full 1):
 PSYoungGen      total 129536K, used 18920K [0x00000000eab00000, 0x00000000f4e00000, 0x0000000100000000)
  eden space 110592K, 0% used [0x00000000eab00000,0x00000000eab00000,0x00000000f1700000)
  from space 18944K, 99% used [0x00000000f2f80000,0x00000000f41fa088,0x00000000f4200000)
  to   space 25088K, 0% used [0x00000000f1700000,0x00000000f1700000,0x00000000f2f80000)
 ParOldGen       total 40960K, used 36871K [0x00000000c0000000, 0x00000000c2800000, 0x00000000eab00000)
  object space 40960K, 90% used [0x00000000c0000000,0x00000000c2401fd0,0x00000000c2800000)
 Metaspace       used 6008K, capacity 7024K, committed 7296K, reserved 1056768K
  class space    used 584K, capacity 616K, committed 640K, reserved 1048576K
Event: 10.475 GC heap after
Heap after GC invocations=9 (full 1):
 PSYoungGen      total 129536K, used 0K [0x00000000eab00000, 0x00000000f4e00000, 0x0000000100000000)
  eden space 110592K, 0% used [0x00000000eab00000,0x00000000eab00000,0x00000000f1700000)
  from space 18944K, 0% used [0x00000000f2f80000,0x00000000f2f80000,0x00000000f4200000)
  to   space 25088K, 0% used [0x00000000f1700000,0x00000000f1700000,0x00000000f2f80000)
 ParOldGen       total 62464K, used 31602K [0x00000000c0000000, 0x00000000c3d00000, 0x00000000eab00000)
  object space 62464K, 50% used [0x00000000c0000000,0x00000000c1edcb70,0x00000000c3d00000)
 Metaspace       used 6008K, capacity 7024K, committed 7296K, reserved 1056768K
  class space    used 584K, capacity 616K, committed 640K, reserved 1048576K
}
Event: 12.565 GC heap before
{Heap before GC invocations=10 (full 1):
 PSYoungGen      total 129536K, used 110592K [0x00000000eab00000, 0x00000000f4e00000, 0x0000000100000000)
  eden space 110592K, 100% used [0x00000000eab00000,0x00000000f1700000,0x00000000f1700000)
  from space 18944K, 0% used [0x00000000f2f80000,0x00000000f2f80000,0x00000000f4200000)
  to   space 25088K, 0% used [0x00000000f1700000,0x00000000f1700000,0x00000000f2f80000)
 ParOldGen       total 62464K, used 31602K [0x00000000c0000000, 0x00000000c3d00000, 0x00000000eab00000)
  object space 62464K, 50% used [0x00000000c0000000,0x00000000c1edcb70,0x00000000c3d00000)
 Metaspace       used 6033K, capacity 7024K, committed 7296K, reserved 1056768K
  class space    used 584K, capacity 616K, committed 640K, reserved 1048576K
Event: 13.025 GC heap after
Heap after GC invocations=10 (full 1):
 PSYoungGen      total 135680K, used 24613K [0x00000000eab00000, 0x00000000f7c80000, 0x0000000100000000)
  eden space 110592K, 0% used [0x00000000eab00000,0x00000000eab00000,0x00000000f1700000)
  from space 25088K, 98% used [0x00000000f1700000,0x00000000f2f09770,0x00000000f2f80000)
  to   space 29184K, 0% used [0x00000000f6000000,0x00000000f6000000,0x00000000f7c80000)
 ParOldGen       total 62464K, used 31610K [0x00000000c0000000, 0x00000000c3d00000, 0x00000000eab00000)
  object space 62464K, 50% used [0x00000000c0000000,0x00000000c1edeb70,0x00000000c3d00000)
 Metaspace       used 6033K, capacity 7024K, committed 7296K, reserved 1056768K
  class space    used 584K, capacity 616K, committed 640K, reserved 1048576K
}
Event: 25.932 GC heap before
{Heap before GC invocations=11 (full 1):
 PSYoungGen      total 135680K, used 135205K [0x00000000eab00000, 0x00000000f7c80000, 0x0000000100000000)
  eden space 110592K, 100% used [0x00000000eab00000,0x00000000f1700000,0x00000000f1700000)
  from space 25088K, 98% used [0x00000000f1700000,0x00000000f2f09770,0x00000000f2f80000)
  to   space 29184K, 0% used [0x00000000f6000000,0x00000000f6000000,0x00000000f7c80000)
 ParOldGen       total 62464K, used 31610K [0x00000000c0000000, 0x00000000c3d00000, 0x00000000eab00000)
  object space 62464K, 50% used [0x00000000c0000000,0x00000000c1edeb70,0x00000000c3d00000)
 Metaspace       used 6073K, capacity 7088K, committed 7296K, reserved 1056768K
  class space    used 586K, capacity 616K, committed 640K, reserved 1048576K
Event: 26.331 GC heap after
Heap after GC invocations=11 (full 1):
 PSYoungGen      total 180224K, used 29167K [0x00000000eab00000, 0x00000000f8400000, 0x0000000100000000)
  eden space 151040K, 0% used [0x00000000eab00000,0x00000000eab00000,0x00000000f3e80000)
  from space 29184K, 99% used [0x00000000f6000000,0x00000000f7c7bf28,0x00000000f7c80000)
  to   space 34304K, 0% used [0x00000000f3e80000,0x00000000f3e80000,0x00000000f6000000)
 ParOldGen       total 62464K, used 33511K [0x00000000c0000000, 0x00000000c3d00000, 0x00000000eab00000)
  object space 62464K, 53% used [0x00000000c0000000,0x00000000c20b9fb0,0x00000000c3d00000)
 Metaspace       used 6073K, capacity 7088K, committed 7296K, reserved 1056768K
  class space    used 586K, capacity 616K, committed 640K, reserved 1048576K
}

